<?xml version="1.0" ?>
<coverage branch-rate="0" branches-covered="0" branches-valid="2254" complexity="0" line-rate="0.006561" lines-covered="26" lines-valid="3963" timestamp="1577773670459" version="5.0.1">
	<!-- Generated by coverage.py: https://coverage.readthedocs.io -->
	<!-- Based on https://raw.githubusercontent.com/cobertura/web/master/htdocs/xml/coverage-04.dtd -->
	<sources>
		<source>/home/descentis/research/KML/final_knolml/kdap/kdap</source>
	</sources>
	<packages>
		<package branch-rate="0" complexity="0" line-rate="0.01086" name=".">
			<classes>
				<class branch-rate="1" complexity="0" filename="__init__.py" line-rate="0" name="__init__.py">
					<methods/>
					<lines>
						<line hits="0" number="3"/>
						<line hits="0" number="10"/>
						<line hits="0" number="11"/>
						<line hits="0" number="12"/>
					</lines>
				</class>
				<class branch-rate="0" complexity="0" filename="analysis.py" line-rate="0.01263" name="analysis.py">
					<methods/>
					<lines>
						<line hits="1" number="3"/>
						<line hits="1" number="8"/>
						<line hits="1" number="9"/>
						<line hits="1" number="10"/>
						<line hits="1" number="11"/>
						<line hits="1" number="12"/>
						<line hits="1" number="13"/>
						<line hits="1" number="14"/>
						<line hits="1" number="15"/>
						<line hits="1" number="16"/>
						<line hits="1" number="17"/>
						<line hits="1" number="18"/>
						<line hits="1" number="19"/>
						<line hits="1" number="20"/>
						<line hits="1" number="21"/>
						<line hits="1" number="22"/>
						<line hits="1" number="23"/>
						<line hits="1" number="24"/>
						<line hits="1" number="25"/>
						<line hits="1" number="26"/>
						<line hits="1" number="27"/>
						<line hits="1" number="28"/>
						<line hits="1" number="29"/>
						<line hits="1" number="30"/>
						<line hits="1" number="31"/>
						<line hits="1" number="32"/>
						<line hits="0" number="33"/>
						<line hits="0" number="34"/>
						<line hits="0" number="36"/>
						<line hits="0" number="42"/>
						<line hits="0" number="46"/>
						<line hits="0" number="47"/>
						<line hits="0" number="48"/>
						<line branch="true" condition-coverage="0% (0/2)" hits="0" missing-branches="50,51" number="49"/>
						<line hits="0" number="50"/>
						<line hits="0" number="51"/>
						<line branch="true" condition-coverage="0% (0/2)" hits="0" missing-branches="exit,53" number="52"/>
						<line branch="true" condition-coverage="0% (0/2)" hits="0" missing-branches="54,68" number="53"/>
						<line hits="0" number="54"/>
						<line branch="true" condition-coverage="0% (0/2)" hits="0" missing-branches="56,68" number="55"/>
						<line branch="true" condition-coverage="0% (0/2)" hits="0" missing-branches="57,58" number="56"/>
						<line hits="0" number="57"/>
						<line branch="true" condition-coverage="0% (0/2)" hits="0" missing-branches="59,60" number="58"/>
						<line hits="0" number="59"/>
						<line branch="true" condition-coverage="0% (0/2)" hits="0" missing-branches="61,62" number="60"/>
						<line hits="0" number="61"/>
						<line branch="true" condition-coverage="0% (0/2)" hits="0" missing-branches="63,64" number="62"/>
						<line hits="0" number="63"/>
						<line branch="true" condition-coverage="0% (0/2)" hits="0" missing-branches="55,65" number="64"/>
						<line hits="0" number="65"/>
						<line branch="true" condition-coverage="0% (0/2)" hits="0" missing-branches="69,78" number="68"/>
						<line hits="0" number="69"/>
						<line branch="true" condition-coverage="0% (0/2)" hits="0" missing-branches="71,78" number="70"/>
						<line branch="true" condition-coverage="0% (0/2)" hits="0" missing-branches="72,73" number="71"/>
						<line hits="0" number="72"/>
						<line branch="true" condition-coverage="0% (0/2)" hits="0" missing-branches="74,75" number="73"/>
						<line hits="0" number="74"/>
						<line branch="true" condition-coverage="0% (0/2)" hits="0" missing-branches="70,76" number="75"/>
						<line hits="0" number="76"/>
						<line branch="true" condition-coverage="0% (0/2)" hits="0" missing-branches="79,87" number="78"/>
						<line hits="0" number="79"/>
						<line branch="true" condition-coverage="0% (0/2)" hits="0" missing-branches="81,87" number="80"/>
						<line branch="true" condition-coverage="0% (0/2)" hits="0" missing-branches="80,82" number="81"/>
						<line hits="0" number="82"/>
						<line hits="0" number="83"/>
						<line hits="0" number="84"/>
						<line hits="0" number="85"/>
						<line branch="true" condition-coverage="0% (0/2)" hits="0" missing-branches="88,90" number="87"/>
						<line hits="0" number="88"/>
						<line branch="true" condition-coverage="0% (0/2)" hits="0" missing-branches="52,91" number="90"/>
						<line hits="0" number="91"/>
						<line branch="true" condition-coverage="0% (0/2)" hits="0" missing-branches="52,93" number="92"/>
						<line branch="true" condition-coverage="0% (0/2)" hits="0" missing-branches="94,95" number="93"/>
						<line hits="0" number="94"/>
						<line branch="true" condition-coverage="0% (0/2)" hits="0" missing-branches="96,97" number="95"/>
						<line hits="0" number="96"/>
						<line branch="true" condition-coverage="0% (0/2)" hits="0" missing-branches="98,99" number="97"/>
						<line hits="0" number="98"/>
						<line branch="true" condition-coverage="0% (0/2)" hits="0" missing-branches="100,101" number="99"/>
						<line hits="0" number="100"/>
						<line branch="true" condition-coverage="0% (0/2)" hits="0" missing-branches="92,102" number="101"/>
						<line hits="0" number="102"/>
						<line hits="0" number="106"/>
						<line hits="0" number="107"/>
						<line hits="0" number="108"/>
						<line hits="0" number="109"/>
						<line hits="0" number="111"/>
						<line hits="0" number="112"/>
						<line branch="true" condition-coverage="0% (0/2)" hits="0" missing-branches="114,115" number="113"/>
						<line hits="0" number="114"/>
						<line branch="true" condition-coverage="0% (0/2)" hits="0" missing-branches="116,117" number="115"/>
						<line hits="0" number="116"/>
						<line branch="true" condition-coverage="0% (0/2)" hits="0" missing-branches="118,119" number="117"/>
						<line hits="0" number="118"/>
						<line hits="0" number="119"/>
						<line hits="0" number="121"/>
						<line hits="0" number="122"/>
						<line hits="0" number="124"/>
						<line branch="true" condition-coverage="0% (0/2)" hits="0" missing-branches="126,128" number="125"/>
						<line hits="0" number="126"/>
						<line hits="0" number="128"/>
						<line hits="0" number="130"/>
						<line hits="0" number="131"/>
						<line branch="true" condition-coverage="0% (0/2)" hits="0" missing-branches="133,134" number="132"/>
						<line hits="0" number="133"/>
						<line branch="true" condition-coverage="0% (0/2)" hits="0" missing-branches="135,136" number="134"/>
						<line hits="0" number="135"/>
						<line branch="true" condition-coverage="0% (0/2)" hits="0" missing-branches="137,138" number="136"/>
						<line hits="0" number="137"/>
						<line branch="true" condition-coverage="0% (0/2)" hits="0" missing-branches="139,140" number="138"/>
						<line hits="0" number="139"/>
						<line branch="true" condition-coverage="0% (0/2)" hits="0" missing-branches="141,142" number="140"/>
						<line hits="0" number="141"/>
						<line hits="0" number="142"/>
						<line hits="0" number="144"/>
						<line branch="true" condition-coverage="0% (0/2)" hits="0" missing-branches="146,147" number="145"/>
						<line hits="0" number="146"/>
						<line hits="0" number="147"/>
						<line branch="true" condition-coverage="0% (0/2)" hits="0" missing-branches="149,150" number="148"/>
						<line hits="0" number="149"/>
						<line branch="true" condition-coverage="0% (0/2)" hits="0" missing-branches="151,152" number="150"/>
						<line hits="0" number="151"/>
						<line branch="true" condition-coverage="0% (0/2)" hits="0" missing-branches="153,154" number="152"/>
						<line hits="0" number="153"/>
						<line branch="true" condition-coverage="0% (0/2)" hits="0" missing-branches="155,156" number="154"/>
						<line hits="0" number="155"/>
						<line branch="true" condition-coverage="0% (0/2)" hits="0" missing-branches="157,158" number="156"/>
						<line hits="0" number="157"/>
						<line hits="0" number="158"/>
						<line hits="0" number="160"/>
						<line hits="0" number="161"/>
						<line branch="true" condition-coverage="0% (0/2)" hits="0" missing-branches="164,166" number="163"/>
						<line hits="0" number="164"/>
						<line hits="0" number="166"/>
						<line hits="0" number="168"/>
						<line branch="true" condition-coverage="0% (0/2)" hits="0" missing-branches="exit,170" number="169"/>
						<line hits="0" number="170"/>
						<line hits="0" number="173"/>
						<line hits="0" number="175"/>
						<line hits="0" number="176"/>
						<line hits="0" number="177"/>
						<line hits="0" number="178"/>
						<line hits="0" number="179"/>
						<line hits="0" number="180"/>
						<line branch="true" condition-coverage="0% (0/2)" hits="0" missing-branches="182,183" number="181"/>
						<line hits="0" number="182"/>
						<line branch="true" condition-coverage="0% (0/2)" hits="0" missing-branches="exit,184" number="183"/>
						<line hits="0" number="184"/>
						<line hits="0" number="185"/>
						<line hits="0" number="186"/>
						<line branch="true" condition-coverage="0% (0/2)" hits="0" missing-branches="188,190" number="187"/>
						<line hits="0" number="188"/>
						<line hits="0" number="190"/>
						<line hits="0" number="193"/>
						<line hits="0" number="194"/>
						<line hits="0" number="195"/>
						<line hits="0" number="196"/>
						<line hits="0" number="198"/>
						<line branch="true" condition-coverage="0% (0/2)" hits="0" missing-branches="200,217" number="199"/>
						<line hits="0" number="200"/>
						<line hits="0" number="201"/>
						<line hits="0" number="202"/>
						<line hits="0" number="203"/>
						<line branch="true" condition-coverage="0% (0/2)" hits="0" missing-branches="205,211" number="204"/>
						<line branch="true" condition-coverage="0% (0/2)" hits="0" missing-branches="204,207" number="205"/>
						<line branch="true" condition-coverage="0% (0/2)" hits="0" missing-branches="208,210" number="207"/>
						<line branch="true" condition-coverage="0% (0/2)" hits="0" missing-branches="207,209" number="208"/>
						<line hits="0" number="209"/>
						<line hits="0" number="210"/>
						<line branch="true" condition-coverage="0% (0/2)" hits="0" missing-branches="212,215" number="211"/>
						<line hits="0" number="212"/>
						<line hits="0" number="213"/>
						<line hits="0" number="215"/>
						<line hits="0" number="217"/>
						<line hits="0" number="218"/>
						<line hits="0" number="220"/>
						<line hits="0" number="221"/>
						<line hits="0" number="222"/>
						<line hits="0" number="223"/>
						<line hits="0" number="224"/>
						<line hits="0" number="225"/>
						<line hits="0" number="226"/>
						<line hits="0" number="232"/>
						<line branch="true" condition-coverage="0% (0/2)" hits="0" missing-branches="234,238" number="233"/>
						<line hits="0" number="234"/>
						<line hits="0" number="235"/>
						<line hits="0" number="236"/>
						<line branch="true" condition-coverage="0% (0/2)" hits="0" missing-branches="239,248" number="238"/>
						<line hits="0" number="239"/>
						<line hits="0" number="240"/>
						<line hits="0" number="241"/>
						<line hits="0" number="242"/>
						<line branch="true" condition-coverage="0% (0/2)" hits="0" missing-branches="244,246" number="243"/>
						<line hits="0" number="244"/>
						<line hits="0" number="246"/>
						<line hits="0" number="247"/>
						<line hits="0" number="248"/>
						<line hits="0" number="250"/>
						<line hits="0" number="251"/>
						<line hits="0" number="253"/>
						<line branch="true" condition-coverage="0% (0/2)" hits="0" missing-branches="255,258" number="254"/>
						<line branch="true" condition-coverage="0% (0/2)" hits="0" missing-branches="254,256" number="255"/>
						<line hits="0" number="256"/>
						<line hits="0" number="258"/>
						<line hits="0" number="261"/>
						<line hits="0" number="262"/>
						<line hits="0" number="263"/>
						<line hits="0" number="264"/>
						<line hits="0" number="266"/>
						<line hits="0" number="267"/>
						<line hits="0" number="268"/>
						<line branch="true" condition-coverage="0% (0/2)" hits="0" missing-branches="270,276" number="269"/>
						<line branch="true" condition-coverage="0% (0/2)" hits="0" missing-branches="271,272" number="270"/>
						<line hits="0" number="271"/>
						<line branch="true" condition-coverage="0% (0/2)" hits="0" missing-branches="269,273" number="272"/>
						<line hits="0" number="273"/>
						<line hits="0" number="274"/>
						<line hits="0" number="276"/>
						<line hits="0" number="278"/>
						<line hits="0" number="279"/>
						<line branch="true" condition-coverage="0% (0/2)" hits="0" missing-branches="281,282" number="280"/>
						<line hits="0" number="281"/>
						<line branch="true" condition-coverage="0% (0/2)" hits="0" missing-branches="283,286" number="282"/>
						<line hits="0" number="283"/>
						<line hits="0" number="284"/>
						<line hits="0" number="286"/>
						<line hits="0" number="293"/>
						<line hits="0" number="294"/>
						<line hits="0" number="295"/>
						<line hits="0" number="296"/>
						<line hits="0" number="297"/>
						<line hits="0" number="298"/>
						<line hits="0" number="299"/>
						<line hits="0" number="300"/>
						<line hits="0" number="301"/>
						<line branch="true" condition-coverage="0% (0/2)" hits="0" missing-branches="303,304" number="302"/>
						<line hits="0" number="303"/>
						<line branch="true" condition-coverage="0% (0/2)" hits="0" missing-branches="305,320" number="304"/>
						<line hits="0" number="305"/>
						<line hits="0" number="306"/>
						<line hits="0" number="307"/>
						<line hits="0" number="308"/>
						<line branch="true" condition-coverage="0% (0/2)" hits="0" missing-branches="311,315" number="310"/>
						<line hits="0" number="311"/>
						<line hits="0" number="312"/>
						<line hits="0" number="315"/>
						<line hits="0" number="316"/>
						<line hits="0" number="317"/>
						<line hits="0" number="318"/>
						<line hits="0" number="319"/>
						<line hits="0" number="320"/>
						<line hits="0" number="321"/>
						<line hits="0" number="322"/>
						<line hits="0" number="324"/>
						<line branch="true" condition-coverage="0% (0/2)" hits="0" missing-branches="330,341" number="329"/>
						<line hits="0" number="330"/>
						<line branch="true" condition-coverage="0% (0/2)" hits="0" missing-branches="332,339" number="331"/>
						<line hits="0" number="332"/>
						<line branch="true" condition-coverage="0% (0/2)" hits="0" missing-branches="334,337" number="333"/>
						<line hits="0" number="334"/>
						<line hits="0" number="335"/>
						<line hits="0" number="337"/>
						<line hits="0" number="338"/>
						<line hits="0" number="339"/>
						<line hits="0" number="341"/>
						<line branch="true" condition-coverage="0% (0/2)" hits="0" missing-branches="343,345" number="342"/>
						<line hits="0" number="343"/>
						<line hits="0" number="345"/>
						<line hits="0" number="346"/>
						<line hits="0" number="348"/>
						<line branch="true" condition-coverage="0% (0/2)" hits="0" missing-branches="350,352" number="349"/>
						<line hits="0" number="350"/>
						<line hits="0" number="351"/>
						<line branch="true" condition-coverage="0% (0/2)" hits="0" missing-branches="353,355" number="352"/>
						<line hits="0" number="353"/>
						<line hits="0" number="354"/>
						<line hits="0" number="355"/>
						<line branch="true" condition-coverage="0% (0/2)" hits="0" missing-branches="exit,357" number="356"/>
						<line branch="true" condition-coverage="0% (0/2)" hits="0" missing-branches="356,358" number="357"/>
						<line hits="0" number="358"/>
						<line branch="true" condition-coverage="0% (0/2)" hits="0" missing-branches="356,360" number="359"/>
						<line hits="0" number="360"/>
						<line branch="true" condition-coverage="0% (0/2)" hits="0" missing-branches="359,362" number="361"/>
						<line hits="0" number="362"/>
						<line hits="0" number="363"/>
						<line hits="0" number="365"/>
						<line hits="0" number="373"/>
						<line hits="0" number="374"/>
						<line hits="0" number="375"/>
						<line hits="0" number="376"/>
						<line hits="0" number="377"/>
						<line hits="0" number="378"/>
						<line hits="0" number="379"/>
						<line branch="true" condition-coverage="0% (0/2)" hits="0" missing-branches="381,383" number="380"/>
						<line hits="0" number="381"/>
						<line branch="true" condition-coverage="0% (0/2)" hits="0" missing-branches="384,385" number="383"/>
						<line hits="0" number="384"/>
						<line hits="0" number="385"/>
						<line branch="true" condition-coverage="0% (0/2)" hits="0" missing-branches="388,390" number="387"/>
						<line hits="0" number="388"/>
						<line branch="true" condition-coverage="0% (0/2)" hits="0" missing-branches="391,474" number="390"/>
						<line branch="true" condition-coverage="0% (0/2)" hits="0" missing-branches="392,402" number="391"/>
						<line hits="0" number="392"/>
						<line hits="0" number="393"/>
						<line hits="0" number="395"/>
						<line branch="true" condition-coverage="0% (0/2)" hits="0" missing-branches="398,400" number="397"/>
						<line hits="0" number="398"/>
						<line hits="0" number="400"/>
						<line hits="0" number="401"/>
						<line branch="true" condition-coverage="0% (0/2)" hits="0" missing-branches="403,405" number="402"/>
						<line hits="0" number="403"/>
						<line branch="true" condition-coverage="0% (0/2)" hits="0" missing-branches="406,440" number="405"/>
						<line hits="0" number="406"/>
						<line hits="0" number="407"/>
						<line hits="0" number="408"/>
						<line hits="0" number="409"/>
						<line hits="0" number="410"/>
						<line branch="true" condition-coverage="0% (0/2)" hits="0" missing-branches="412,435" number="411"/>
						<line hits="0" number="412"/>
						<line branch="true" condition-coverage="0% (0/2)" hits="0" missing-branches="411,415" number="414"/>
						<line branch="true" condition-coverage="0% (0/2)" hits="0" missing-branches="416,429" number="415"/>
						<line hits="0" number="416"/>
						<line branch="true" condition-coverage="0% (0/2)" hits="0" missing-branches="414,418" number="417"/>
						<line hits="0" number="418"/>
						<line branch="true" condition-coverage="0% (0/2)" hits="0" missing-branches="420,421" number="419"/>
						<line hits="0" number="420"/>
						<line hits="0" number="421"/>
						<line hits="0" number="422"/>
						<line branch="true" condition-coverage="0% (0/2)" hits="0" missing-branches="424,426" number="423"/>
						<line hits="0" number="424"/>
						<line hits="0" number="426"/>
						<line hits="0" number="427"/>
						<line hits="0" number="429"/>
						<line branch="true" condition-coverage="0% (0/2)" hits="0" missing-branches="431,434" number="430"/>
						<line hits="0" number="431"/>
						<line hits="0" number="432"/>
						<line hits="0" number="434"/>
						<line hits="0" number="435"/>
						<line hits="0" number="436"/>
						<line hits="0" number="438"/>
						<line branch="true" condition-coverage="0% (0/2)" hits="0" missing-branches="exit,441" number="440"/>
						<line hits="0" number="441"/>
						<line hits="0" number="442"/>
						<line hits="0" number="443"/>
						<line hits="0" number="444"/>
						<line hits="0" number="445"/>
						<line branch="true" condition-coverage="0% (0/2)" hits="0" missing-branches="447,470" number="446"/>
						<line hits="0" number="447"/>
						<line branch="true" condition-coverage="0% (0/2)" hits="0" missing-branches="446,450" number="449"/>
						<line branch="true" condition-coverage="0% (0/2)" hits="0" missing-branches="451,464" number="450"/>
						<line hits="0" number="451"/>
						<line branch="true" condition-coverage="0% (0/2)" hits="0" missing-branches="449,453" number="452"/>
						<line hits="0" number="453"/>
						<line branch="true" condition-coverage="0% (0/2)" hits="0" missing-branches="455,456" number="454"/>
						<line hits="0" number="455"/>
						<line hits="0" number="456"/>
						<line hits="0" number="457"/>
						<line branch="true" condition-coverage="0% (0/2)" hits="0" missing-branches="459,461" number="458"/>
						<line hits="0" number="459"/>
						<line hits="0" number="461"/>
						<line hits="0" number="462"/>
						<line hits="0" number="464"/>
						<line branch="true" condition-coverage="0% (0/2)" hits="0" missing-branches="466,469" number="465"/>
						<line hits="0" number="466"/>
						<line hits="0" number="467"/>
						<line hits="0" number="469"/>
						<line hits="0" number="470"/>
						<line hits="0" number="471"/>
						<line hits="0" number="473"/>
						<line branch="true" condition-coverage="0% (0/2)" hits="0" missing-branches="exit,475" number="474"/>
						<line branch="true" condition-coverage="0% (0/2)" hits="0" missing-branches="exit,476" number="475"/>
						<line hits="0" number="476"/>
						<line hits="0" number="477"/>
						<line hits="0" number="482"/>
						<line hits="0" number="486"/>
						<line hits="0" number="487"/>
						<line branch="true" condition-coverage="0% (0/2)" hits="0" missing-branches="489,494" number="488"/>
						<line hits="0" number="489"/>
						<line branch="true" condition-coverage="0% (0/2)" hits="0" missing-branches="495,500" number="494"/>
						<line hits="0" number="495"/>
						<line hits="0" number="496"/>
						<line hits="0" number="497"/>
						<line hits="0" number="498"/>
						<line hits="0" number="500"/>
						<line hits="0" number="501"/>
						<line hits="0" number="502"/>
						<line hits="0" number="503"/>
						<line hits="0" number="504"/>
						<line hits="0" number="505"/>
						<line hits="0" number="512"/>
						<line hits="0" number="513"/>
						<line hits="0" number="514"/>
						<line branch="true" condition-coverage="0% (0/2)" hits="0" missing-branches="516,518" number="515"/>
						<line hits="0" number="516"/>
						<line hits="0" number="518"/>
						<line hits="0" number="523"/>
						<line hits="0" number="524"/>
						<line branch="true" condition-coverage="0% (0/2)" hits="0" missing-branches="526,527" number="525"/>
						<line hits="0" number="526"/>
						<line hits="0" number="527"/>
						<line hits="0" number="528"/>
						<line hits="0" number="529"/>
						<line hits="0" number="530"/>
						<line hits="0" number="531"/>
						<line branch="true" condition-coverage="0% (0/2)" hits="0" missing-branches="534,547" number="533"/>
						<line hits="0" number="534"/>
						<line hits="0" number="536"/>
						<line branch="true" condition-coverage="0% (0/2)" hits="0" missing-branches="538,545" number="537"/>
						<line hits="0" number="538"/>
						<line branch="true" condition-coverage="0% (0/2)" hits="0" missing-branches="540,541" number="539"/>
						<line hits="0" number="540"/>
						<line hits="0" number="541"/>
						<line hits="0" number="543"/>
						<line hits="0" number="545"/>
						<line branch="true" condition-coverage="0% (0/2)" hits="0" missing-branches="548,565" number="547"/>
						<line hits="0" number="548"/>
						<line branch="true" condition-coverage="0% (0/2)" hits="0" missing-branches="550,551" number="549"/>
						<line hits="0" number="550"/>
						<line branch="true" condition-coverage="0% (0/2)" hits="0" missing-branches="552,553" number="551"/>
						<line hits="0" number="552"/>
						<line branch="true" condition-coverage="0% (0/2)" hits="0" missing-branches="554,555" number="553"/>
						<line hits="0" number="554"/>
						<line branch="true" condition-coverage="0% (0/2)" hits="0" missing-branches="556,557" number="555"/>
						<line hits="0" number="556"/>
						<line branch="true" condition-coverage="0% (0/2)" hits="0" missing-branches="558,559" number="557"/>
						<line hits="0" number="558"/>
						<line branch="true" condition-coverage="0% (0/2)" hits="0" missing-branches="560,561" number="559"/>
						<line hits="0" number="560"/>
						<line branch="true" condition-coverage="0% (0/2)" hits="0" missing-branches="562,564" number="561"/>
						<line hits="0" number="562"/>
						<line hits="0" number="564"/>
						<line hits="0" number="565"/>
						<line hits="0" number="569"/>
						<line branch="true" condition-coverage="0% (0/2)" hits="0" missing-branches="571,572" number="570"/>
						<line hits="0" number="571"/>
						<line branch="true" condition-coverage="0% (0/2)" hits="0" missing-branches="exit,573" number="572"/>
						<line hits="0" number="573"/>
						<line hits="0" number="575"/>
						<line hits="0" number="578"/>
						<line hits="0" number="579"/>
						<line hits="0" number="580"/>
						<line branch="true" condition-coverage="0% (0/2)" hits="0" missing-branches="582,594" number="581"/>
						<line branch="true" condition-coverage="0% (0/2)" hits="0" missing-branches="581,583" number="582"/>
						<line branch="true" condition-coverage="0% (0/2)" hits="0" missing-branches="584,589" number="583"/>
						<line branch="true" condition-coverage="0% (0/2)" hits="0" missing-branches="583,585" number="584"/>
						<line branch="true" condition-coverage="0% (0/2)" hits="0" missing-branches="583,586" number="585"/>
						<line branch="true" condition-coverage="0% (0/2)" hits="0" missing-branches="585,587" number="586"/>
						<line hits="0" number="587"/>
						<line hits="0" number="588"/>
						<line hits="0" number="589"/>
						<line hits="0" number="590"/>
						<line hits="0" number="591"/>
						<line hits="0" number="592"/>
						<line branch="true" condition-coverage="0% (0/2)" hits="0" missing-branches="572,595" number="594"/>
						<line branch="true" condition-coverage="0% (0/2)" hits="0" missing-branches="596,598" number="595"/>
						<line hits="0" number="596"/>
						<line hits="0" number="598"/>
						<line hits="0" number="599"/>
						<line hits="0" number="600"/>
						<line hits="0" number="601"/>
						<line hits="0" number="604"/>
						<line branch="true" condition-coverage="0% (0/2)" hits="0" missing-branches="609,611" number="608"/>
						<line hits="0" number="609"/>
						<line branch="true" condition-coverage="0% (0/2)" hits="0" missing-branches="612,616" number="611"/>
						<line hits="0" number="612"/>
						<line hits="0" number="614"/>
						<line branch="true" condition-coverage="0% (0/2)" hits="0" missing-branches="617,619" number="616"/>
						<line hits="0" number="617"/>
						<line hits="0" number="619"/>
						<line hits="0" number="621"/>
						<line hits="0" number="622"/>
						<line branch="true" condition-coverage="0% (0/2)" hits="0" missing-branches="624,629" number="623"/>
						<line branch="true" condition-coverage="0% (0/2)" hits="0" missing-branches="625,632" number="624"/>
						<line hits="0" number="625"/>
						<line hits="0" number="629"/>
						<line branch="true" condition-coverage="0% (0/2)" hits="0" missing-branches="631,632" number="630"/>
						<line hits="0" number="631"/>
						<line hits="0" number="632"/>
						<line hits="0" number="633"/>
						<line hits="0" number="634"/>
						<line hits="0" number="635"/>
						<line branch="true" condition-coverage="0% (0/2)" hits="0" missing-branches="637,639" number="636"/>
						<line hits="0" number="637"/>
						<line hits="0" number="639"/>
						<line branch="true" condition-coverage="0% (0/2)" hits="0" missing-branches="641,643" number="640"/>
						<line hits="0" number="641"/>
						<line branch="true" condition-coverage="0% (0/2)" hits="0" missing-branches="644,646" number="643"/>
						<line hits="0" number="644"/>
						<line branch="true" condition-coverage="0% (0/2)" hits="0" missing-branches="647,649" number="646"/>
						<line hits="0" number="647"/>
						<line hits="0" number="649"/>
						<line hits="0" number="651"/>
						<line branch="true" condition-coverage="0% (0/2)" hits="0" missing-branches="exit,653" number="652"/>
						<line hits="0" number="653"/>
						<line hits="0" number="654"/>
						<line hits="0" number="655"/>
						<line branch="true" condition-coverage="0% (0/2)" hits="0" missing-branches="657,658" number="656"/>
						<line hits="0" number="657"/>
						<line hits="0" number="658"/>
						<line branch="true" condition-coverage="0% (0/2)" hits="0" missing-branches="660,662" number="659"/>
						<line hits="0" number="660"/>
						<line branch="true" condition-coverage="0% (0/2)" hits="0" missing-branches="663,665" number="662"/>
						<line hits="0" number="663"/>
						<line branch="true" condition-coverage="0% (0/2)" hits="0" missing-branches="666,668" number="665"/>
						<line hits="0" number="666"/>
						<line hits="0" number="668"/>
						<line branch="true" condition-coverage="0% (0/2)" hits="0" missing-branches="671,672" number="670"/>
						<line hits="0" number="671"/>
						<line branch="true" condition-coverage="0% (0/2)" hits="0" missing-branches="673,675" number="672"/>
						<line hits="0" number="673"/>
						<line hits="0" number="675"/>
						<line hits="0" number="677"/>
						<line hits="0" number="679"/>
						<line hits="0" number="680"/>
						<line hits="0" number="681"/>
						<line branch="true" condition-coverage="0% (0/2)" hits="0" missing-branches="683,685" number="682"/>
						<line branch="true" condition-coverage="0% (0/2)" hits="0" missing-branches="682,684" number="683"/>
						<line hits="0" number="684"/>
						<line hits="0" number="685"/>
						<line branch="true" condition-coverage="0% (0/2)" hits="0" missing-branches="687,694" number="686"/>
						<line hits="0" number="687"/>
						<line branch="true" condition-coverage="0% (0/2)" hits="0" missing-branches="686,689" number="688"/>
						<line branch="true" condition-coverage="0% (0/2)" hits="0" missing-branches="688,690" number="689"/>
						<line hits="0" number="690"/>
						<line hits="0" number="694"/>
						<line hits="0" number="695"/>
						<line branch="true" condition-coverage="0% (0/2)" hits="0" missing-branches="697,700" number="696"/>
						<line hits="0" number="697"/>
						<line hits="0" number="698"/>
						<line hits="0" number="700"/>
						<line hits="0" number="701"/>
						<line hits="0" number="704"/>
						<line hits="0" number="705"/>
						<line hits="0" number="706"/>
						<line branch="true" condition-coverage="0% (0/2)" hits="0" missing-branches="708,753" number="707"/>
						<line hits="0" number="708"/>
						<line branch="true" condition-coverage="0% (0/2)" hits="0" missing-branches="exit,710" number="709"/>
						<line hits="0" number="710"/>
						<line hits="0" number="711"/>
						<line branch="true" condition-coverage="0% (0/2)" hits="0" missing-branches="713,714" number="712"/>
						<line hits="0" number="713"/>
						<line branch="true" condition-coverage="0% (0/2)" hits="0" missing-branches="715,717" number="714"/>
						<line hits="0" number="715"/>
						<line hits="0" number="717"/>
						<line hits="0" number="719"/>
						<line hits="0" number="720"/>
						<line hits="0" number="721"/>
						<line hits="0" number="722"/>
						<line branch="true" condition-coverage="0% (0/2)" hits="0" missing-branches="724,725" number="723"/>
						<line hits="0" number="724"/>
						<line branch="true" condition-coverage="0% (0/2)" hits="0" missing-branches="726,728" number="725"/>
						<line hits="0" number="726"/>
						<line hits="0" number="728"/>
						<line hits="0" number="730"/>
						<line hits="0" number="731"/>
						<line branch="true" condition-coverage="0% (0/2)" hits="0" missing-branches="733,750" number="732"/>
						<line branch="true" condition-coverage="0% (0/2)" hits="0" missing-branches="734,738" number="733"/>
						<line branch="true" condition-coverage="0% (0/2)" hits="0" missing-branches="732,735" number="734"/>
						<line hits="0" number="735"/>
						<line hits="0" number="736"/>
						<line hits="0" number="737"/>
						<line branch="true" condition-coverage="0% (0/2)" hits="0" missing-branches="740,743" number="738"/>
						<line hits="0" number="740"/>
						<line hits="0" number="741"/>
						<line branch="true" condition-coverage="0% (0/2)" hits="0" missing-branches="744,747" number="743"/>
						<line branch="true" condition-coverage="0% (0/2)" hits="0" missing-branches="732,745" number="744"/>
						<line hits="0" number="745"/>
						<line hits="0" number="747"/>
						<line hits="0" number="748"/>
						<line hits="0" number="750"/>
						<line hits="0" number="753"/>
						<line hits="0" number="760"/>
						<line hits="0" number="762"/>
						<line hits="0" number="763"/>
						<line hits="0" number="764"/>
						<line hits="0" number="765"/>
						<line branch="true" condition-coverage="0% (0/2)" hits="0" missing-branches="767,769" number="766"/>
						<line branch="true" condition-coverage="0% (0/2)" hits="0" missing-branches="766,768" number="767"/>
						<line hits="0" number="768"/>
						<line hits="0" number="769"/>
						<line branch="true" condition-coverage="0% (0/2)" hits="0" missing-branches="771,778" number="770"/>
						<line hits="0" number="771"/>
						<line branch="true" condition-coverage="0% (0/2)" hits="0" missing-branches="770,773" number="772"/>
						<line branch="true" condition-coverage="0% (0/2)" hits="0" missing-branches="772,774" number="773"/>
						<line hits="0" number="774"/>
						<line hits="0" number="778"/>
						<line hits="0" number="779"/>
						<line branch="true" condition-coverage="0% (0/2)" hits="0" missing-branches="781,784" number="780"/>
						<line hits="0" number="781"/>
						<line hits="0" number="782"/>
						<line hits="0" number="784"/>
						<line hits="0" number="785"/>
						<line hits="0" number="788"/>
						<line hits="0" number="789"/>
						<line hits="0" number="790"/>
						<line hits="0" number="791"/>
						<line branch="true" condition-coverage="0% (0/2)" hits="0" missing-branches="793,838" number="792"/>
						<line hits="0" number="793"/>
						<line branch="true" condition-coverage="0% (0/2)" hits="0" missing-branches="exit,795" number="794"/>
						<line hits="0" number="795"/>
						<line hits="0" number="796"/>
						<line branch="true" condition-coverage="0% (0/2)" hits="0" missing-branches="798,799" number="797"/>
						<line hits="0" number="798"/>
						<line branch="true" condition-coverage="0% (0/2)" hits="0" missing-branches="800,802" number="799"/>
						<line hits="0" number="800"/>
						<line hits="0" number="802"/>
						<line hits="0" number="804"/>
						<line hits="0" number="805"/>
						<line hits="0" number="806"/>
						<line hits="0" number="807"/>
						<line branch="true" condition-coverage="0% (0/2)" hits="0" missing-branches="809,810" number="808"/>
						<line hits="0" number="809"/>
						<line branch="true" condition-coverage="0% (0/2)" hits="0" missing-branches="811,813" number="810"/>
						<line hits="0" number="811"/>
						<line hits="0" number="813"/>
						<line hits="0" number="815"/>
						<line hits="0" number="816"/>
						<line branch="true" condition-coverage="0% (0/2)" hits="0" missing-branches="818,835" number="817"/>
						<line branch="true" condition-coverage="0% (0/2)" hits="0" missing-branches="819,823" number="818"/>
						<line branch="true" condition-coverage="0% (0/2)" hits="0" missing-branches="817,820" number="819"/>
						<line hits="0" number="820"/>
						<line hits="0" number="821"/>
						<line hits="0" number="822"/>
						<line branch="true" condition-coverage="0% (0/2)" hits="0" missing-branches="825,828" number="823"/>
						<line hits="0" number="825"/>
						<line hits="0" number="826"/>
						<line branch="true" condition-coverage="0% (0/2)" hits="0" missing-branches="829,832" number="828"/>
						<line branch="true" condition-coverage="0% (0/2)" hits="0" missing-branches="817,830" number="829"/>
						<line hits="0" number="830"/>
						<line hits="0" number="832"/>
						<line hits="0" number="833"/>
						<line hits="0" number="835"/>
						<line hits="0" number="836"/>
						<line hits="0" number="838"/>
						<line hits="0" number="841"/>
						<line branch="true" condition-coverage="0% (0/2)" hits="0" missing-branches="852,870" number="851"/>
						<line branch="true" condition-coverage="0% (0/2)" hits="0" missing-branches="851,853" number="852"/>
						<line branch="true" condition-coverage="0% (0/2)" hits="0" missing-branches="851,854" number="853"/>
						<line hits="0" number="854"/>
						<line branch="true" condition-coverage="0% (0/2)" hits="0" missing-branches="856,859" number="855"/>
						<line hits="0" number="856"/>
						<line hits="0" number="857"/>
						<line hits="0" number="859"/>
						<line hits="0" number="860"/>
						<line branch="true" condition-coverage="0% (0/2)" hits="0" missing-branches="862,864" number="861"/>
						<line hits="0" number="862"/>
						<line hits="0" number="864"/>
						<line hits="0" number="870"/>
						<line hits="0" number="873"/>
						<line hits="0" number="875"/>
						<line hits="0" number="876"/>
						<line branch="true" condition-coverage="0% (0/2)" hits="0" missing-branches="880,887" number="879"/>
						<line branch="true" condition-coverage="0% (0/2)" hits="0" missing-branches="879,882" number="880"/>
						<line branch="true" condition-coverage="0% (0/2)" hits="0" missing-branches="883,884" number="882"/>
						<line hits="0" number="883"/>
						<line branch="true" condition-coverage="0% (0/2)" hits="0" missing-branches="879,885" number="884"/>
						<line hits="0" number="885"/>
						<line hits="0" number="887"/>
						<line hits="0" number="893"/>
						<line hits="0" number="894"/>
						<line hits="0" number="896"/>
						<line branch="true" condition-coverage="0% (0/2)" hits="0" missing-branches="exit,898" number="897"/>
						<line hits="0" number="898"/>
						<line branch="true" condition-coverage="0% (0/2)" hits="0" missing-branches="897,902" number="900"/>
						<line hits="0" number="902"/>
						<line hits="0" number="904"/>
						<line hits="0" number="905"/>
						<line hits="0" number="906"/>
						<line hits="0" number="908"/>
						<line hits="0" number="922"/>
						<line branch="true" condition-coverage="0% (0/2)" hits="0" missing-branches="924,926" number="923"/>
						<line hits="0" number="924"/>
						<line branch="true" condition-coverage="0% (0/2)" hits="0" missing-branches="exit,927" number="926"/>
						<line hits="0" number="927"/>
						<line hits="0" number="929"/>
						<line branch="true" condition-coverage="0% (0/2)" hits="0" missing-branches="931,940" number="930"/>
						<line hits="0" number="931"/>
						<line hits="0" number="932"/>
						<line branch="true" condition-coverage="0% (0/2)" hits="0" missing-branches="934,936" number="933"/>
						<line branch="true" condition-coverage="0% (0/2)" hits="0" missing-branches="935,936" number="934"/>
						<line hits="0" number="935"/>
						<line hits="0" number="936"/>
						<line hits="0" number="937"/>
						<line hits="0" number="938"/>
						<line hits="0" number="939"/>
						<line hits="0" number="940"/>
						<line hits="0" number="941"/>
						<line hits="0" number="943"/>
						<line hits="0" number="944"/>
						<line branch="true" condition-coverage="0% (0/2)" hits="0" missing-branches="946,978" number="945"/>
						<line branch="true" condition-coverage="0% (0/2)" hits="0" missing-branches="945,947" number="946"/>
						<line hits="0" number="947"/>
						<line branch="true" condition-coverage="0% (0/2)" hits="0" missing-branches="949,971" number="948"/>
						<line branch="true" condition-coverage="0% (0/2)" hits="0" missing-branches="948,950" number="949"/>
						<line branch="true" condition-coverage="0% (0/2)" hits="0" missing-branches="948,951" number="950"/>
						<line branch="true" condition-coverage="0% (0/2)" hits="0" missing-branches="950,952" number="951"/>
						<line hits="0" number="952"/>
						<line branch="true" condition-coverage="0% (0/2)" hits="0" missing-branches="950,954" number="953"/>
						<line branch="true" condition-coverage="0% (0/2)" hits="0" missing-branches="955,964" number="954"/>
						<line hits="0" number="955"/>
						<line branch="true" condition-coverage="0% (0/2)" hits="0" missing-branches="957,964" number="956"/>
						<line branch="true" condition-coverage="0% (0/2)" hits="0" missing-branches="958,960" number="957"/>
						<line hits="0" number="958"/>
						<line hits="0" number="959"/>
						<line branch="true" condition-coverage="0% (0/2)" hits="0" missing-branches="961,963" number="960"/>
						<line hits="0" number="961"/>
						<line hits="0" number="963"/>
						<line branch="true" condition-coverage="0% (0/2)" hits="0" missing-branches="950,965" number="964"/>
						<line branch="true" condition-coverage="0% (0/2)" hits="0" missing-branches="950,966" number="965"/>
						<line branch="true" condition-coverage="0% (0/2)" hits="0" missing-branches="967,969" number="966"/>
						<line hits="0" number="967"/>
						<line hits="0" number="969"/>
						<line hits="0" number="971"/>
						<line hits="0" number="972"/>
						<line hits="0" number="973"/>
						<line hits="0" number="974"/>
						<line branch="true" condition-coverage="0% (0/2)" hits="0" missing-branches="926,979" number="978"/>
						<line branch="true" condition-coverage="0% (0/2)" hits="0" missing-branches="980,981" number="979"/>
						<line hits="0" number="980"/>
						<line hits="0" number="981"/>
						<line hits="0" number="982"/>
						<line branch="true" condition-coverage="0% (0/2)" hits="0" missing-branches="984,986" number="983"/>
						<line hits="0" number="984"/>
						<line hits="0" number="986"/>
						<line hits="0" number="990"/>
						<line branch="true" condition-coverage="0% (0/2)" hits="0" missing-branches="996,998" number="995"/>
						<line hits="0" number="996"/>
						<line branch="true" condition-coverage="0% (0/2)" hits="0" missing-branches="999,1003" number="998"/>
						<line hits="0" number="999"/>
						<line hits="0" number="1001"/>
						<line branch="true" condition-coverage="0% (0/2)" hits="0" missing-branches="1004,1006" number="1003"/>
						<line hits="0" number="1004"/>
						<line hits="0" number="1006"/>
						<line hits="0" number="1008"/>
						<line hits="0" number="1010"/>
						<line branch="true" condition-coverage="0% (0/2)" hits="0" missing-branches="1012,1017" number="1011"/>
						<line branch="true" condition-coverage="0% (0/2)" hits="0" missing-branches="1013,1021" number="1012"/>
						<line hits="0" number="1013"/>
						<line hits="0" number="1017"/>
						<line branch="true" condition-coverage="0% (0/2)" hits="0" missing-branches="1019,1021" number="1018"/>
						<line hits="0" number="1019"/>
						<line hits="0" number="1021"/>
						<line hits="0" number="1022"/>
						<line hits="0" number="1024"/>
						<line hits="0" number="1025"/>
						<line branch="true" condition-coverage="0% (0/2)" hits="0" missing-branches="1027,1029" number="1026"/>
						<line hits="0" number="1027"/>
						<line hits="0" number="1029"/>
						<line branch="true" condition-coverage="0% (0/2)" hits="0" missing-branches="1031,1042" number="1030"/>
						<line branch="true" condition-coverage="0% (0/2)" hits="0" missing-branches="1032,1041" number="1031"/>
						<line hits="0" number="1032"/>
						<line hits="0" number="1033"/>
						<line branch="true" condition-coverage="0% (0/2)" hits="0" missing-branches="1035,1037" number="1034"/>
						<line hits="0" number="1035"/>
						<line hits="0" number="1037"/>
						<line hits="0" number="1038"/>
						<line hits="0" number="1041"/>
						<line branch="true" condition-coverage="0% (0/2)" hits="0" missing-branches="1043,1045" number="1042"/>
						<line hits="0" number="1043"/>
						<line branch="true" condition-coverage="0% (0/2)" hits="0" missing-branches="1046,1048" number="1045"/>
						<line hits="0" number="1046"/>
						<line hits="0" number="1048"/>
						<line hits="0" number="1050"/>
						<line branch="true" condition-coverage="0% (0/2)" hits="0" missing-branches="1052,1057" number="1051"/>
						<line hits="0" number="1052"/>
						<line hits="0" number="1053"/>
						<line hits="0" number="1054"/>
						<line hits="0" number="1055"/>
						<line branch="true" condition-coverage="0% (0/2)" hits="0" missing-branches="exit,1058" number="1057"/>
						<line branch="true" condition-coverage="0% (0/2)" hits="0" missing-branches="exit,1059" number="1058"/>
						<line hits="0" number="1059"/>
						<line branch="true" condition-coverage="0% (0/2)" hits="0" missing-branches="1058,1062" number="1061"/>
						<line branch="true" condition-coverage="0% (0/2)" hits="0" missing-branches="1063,1064" number="1062"/>
						<line hits="0" number="1063"/>
						<line hits="0" number="1064"/>
						<line hits="0" number="1065"/>
						<line hits="0" number="1066"/>
						<line hits="0" number="1068"/>
						<line branch="true" condition-coverage="0% (0/2)" hits="0" missing-branches="1074,1076" number="1073"/>
						<line hits="0" number="1074"/>
						<line branch="true" condition-coverage="0% (0/2)" hits="0" missing-branches="1077,1081" number="1076"/>
						<line hits="0" number="1077"/>
						<line hits="0" number="1079"/>
						<line branch="true" condition-coverage="0% (0/2)" hits="0" missing-branches="1082,1084" number="1081"/>
						<line hits="0" number="1082"/>
						<line hits="0" number="1084"/>
						<line hits="0" number="1086"/>
						<line hits="0" number="1088"/>
						<line branch="true" condition-coverage="0% (0/2)" hits="0" missing-branches="1090,1095" number="1089"/>
						<line branch="true" condition-coverage="0% (0/2)" hits="0" missing-branches="1091,1099" number="1090"/>
						<line hits="0" number="1091"/>
						<line hits="0" number="1095"/>
						<line branch="true" condition-coverage="0% (0/2)" hits="0" missing-branches="1097,1099" number="1096"/>
						<line hits="0" number="1097"/>
						<line hits="0" number="1099"/>
						<line hits="0" number="1100"/>
						<line hits="0" number="1102"/>
						<line hits="0" number="1103"/>
						<line branch="true" condition-coverage="0% (0/2)" hits="0" missing-branches="1105,1107" number="1104"/>
						<line hits="0" number="1105"/>
						<line hits="0" number="1107"/>
						<line branch="true" condition-coverage="0% (0/2)" hits="0" missing-branches="1110,1111" number="1108"/>
						<line hits="0" number="1110"/>
						<line branch="true" condition-coverage="0% (0/2)" hits="0" missing-branches="1112,1114" number="1111"/>
						<line hits="0" number="1112"/>
						<line branch="true" condition-coverage="0% (0/2)" hits="0" missing-branches="1115,1117" number="1114"/>
						<line hits="0" number="1115"/>
						<line hits="0" number="1117"/>
						<line hits="0" number="1119"/>
						<line branch="true" condition-coverage="0% (0/2)" hits="0" missing-branches="1122,1139" number="1121"/>
						<line hits="0" number="1122"/>
						<line hits="0" number="1123"/>
						<line hits="0" number="1124"/>
						<line hits="0" number="1126"/>
						<line branch="true" condition-coverage="0% (0/2)" hits="0" missing-branches="1128,1137" number="1127"/>
						<line branch="true" condition-coverage="0% (0/2)" hits="0" missing-branches="1127,1129" number="1128"/>
						<line branch="true" condition-coverage="0% (0/2)" hits="0" missing-branches="1127,1130" number="1129"/>
						<line branch="true" condition-coverage="0% (0/2)" hits="0" missing-branches="1129,1131" number="1130"/>
						<line branch="true" condition-coverage="0% (0/2)" hits="0" missing-branches="1129,1132" number="1131"/>
						<line branch="true" condition-coverage="0% (0/2)" hits="0" missing-branches="1131,1133" number="1132"/>
						<line branch="true" condition-coverage="0% (0/2)" hits="0" missing-branches="1131,1134" number="1133"/>
						<line branch="true" condition-coverage="0% (0/2)" hits="0" missing-branches="1133,1135" number="1134"/>
						<line branch="true" condition-coverage="0% (0/2)" hits="0" missing-branches="1133,1136" number="1135"/>
						<line hits="0" number="1136"/>
						<line hits="0" number="1137"/>
						<line branch="true" condition-coverage="0% (0/2)" hits="0" missing-branches="1140,1226" number="1139"/>
						<line hits="0" number="1140"/>
						<line branch="true" condition-coverage="0% (0/2)" hits="0" missing-branches="exit,1142" number="1141"/>
						<line hits="0" number="1142"/>
						<line hits="0" number="1144"/>
						<line hits="0" number="1145"/>
						<line hits="0" number="1146"/>
						<line hits="0" number="1147"/>
						<line hits="0" number="1148"/>
						<line hits="0" number="1149"/>
						<line branch="true" condition-coverage="0% (0/2)" hits="0" missing-branches="1151,1215" number="1150"/>
						<line branch="true" condition-coverage="0% (0/2)" hits="0" missing-branches="1150,1152" number="1151"/>
						<line branch="true" condition-coverage="0% (0/2)" hits="0" missing-branches="1153,1211" number="1152"/>
						<line branch="true" condition-coverage="0% (0/2)" hits="0" missing-branches="1154,1188" number="1153"/>
						<line branch="true" condition-coverage="0% (0/2)" hits="0" missing-branches="1155,1188" number="1154"/>
						<line branch="true" condition-coverage="0% (0/2)" hits="0" missing-branches="1154,1156" number="1155"/>
						<line hits="0" number="1156"/>
						<line hits="0" number="1157"/>
						<line branch="true" condition-coverage="0% (0/2)" hits="0" missing-branches="1154,1159" number="1158"/>
						<line branch="true" condition-coverage="0% (0/2)" hits="0" missing-branches="1160,1163" number="1159"/>
						<line hits="0" number="1160"/>
						<line branch="true" condition-coverage="0% (0/2)" hits="0" missing-branches="1162,1163" number="1161"/>
						<line hits="0" number="1162"/>
						<line branch="true" condition-coverage="0% (0/2)" hits="0" missing-branches="1164,1168" number="1163"/>
						<line hits="0" number="1164"/>
						<line branch="true" condition-coverage="0% (0/2)" hits="0" missing-branches="1166,1168" number="1165"/>
						<line hits="0" number="1166"/>
						<line hits="0" number="1167"/>
						<line branch="true" condition-coverage="0% (0/2)" hits="0" missing-branches="1169,1174" number="1168"/>
						<line branch="true" condition-coverage="0% (0/2)" hits="0" missing-branches="1170,1172" number="1169"/>
						<line hits="0" number="1170"/>
						<line hits="0" number="1171"/>
						<line branch="true" condition-coverage="0% (0/2)" hits="0" missing-branches="1154,1173" number="1172"/>
						<line hits="0" number="1173"/>
						<line branch="true" condition-coverage="0% (0/2)" hits="0" missing-branches="1175,1177" number="1174"/>
						<line branch="true" condition-coverage="0% (0/2)" hits="0" missing-branches="1154,1176" number="1175"/>
						<line hits="0" number="1176"/>
						<line branch="true" condition-coverage="0% (0/2)" hits="0" missing-branches="1154,1178" number="1177"/>
						<line branch="true" condition-coverage="0% (0/2)" hits="0" missing-branches="1179,1182" number="1178"/>
						<line hits="0" number="1179"/>
						<line hits="0" number="1180"/>
						<line hits="0" number="1181"/>
						<line branch="true" condition-coverage="0% (0/2)" hits="0" missing-branches="1183,1185" number="1182"/>
						<line hits="0" number="1183"/>
						<line hits="0" number="1184"/>
						<line branch="true" condition-coverage="0% (0/2)" hits="0" missing-branches="1154,1186" number="1185"/>
						<line hits="0" number="1186"/>
						<line branch="true" condition-coverage="0% (0/2)" hits="0" missing-branches="1152,1189" number="1188"/>
						<line branch="true" condition-coverage="0% (0/2)" hits="0" missing-branches="1152,1190" number="1189"/>
						<line branch="true" condition-coverage="0% (0/2)" hits="0" missing-branches="1191,1193" number="1190"/>
						<line hits="0" number="1191"/>
						<line branch="true" condition-coverage="0% (0/2)" hits="0" missing-branches="1195,1209" number="1193"/>
						<line branch="true" condition-coverage="0% (0/2)" hits="0" missing-branches="1189,1196" number="1195"/>
						<line branch="true" condition-coverage="0% (0/2)" hits="0" missing-branches="1198,1201" number="1196"/>
						<line branch="true" condition-coverage="0% (0/2)" hits="0" missing-branches="1189,1199" number="1198"/>
						<line hits="0" number="1199"/>
						<line branch="true" condition-coverage="0% (0/2)" hits="0" missing-branches="1202,1205" number="1201"/>
						<line branch="true" condition-coverage="0% (0/2)" hits="0" missing-branches="1189,1203" number="1202"/>
						<line hits="0" number="1203"/>
						<line branch="true" condition-coverage="0% (0/2)" hits="0" missing-branches="1189,1206" number="1205"/>
						<line branch="true" condition-coverage="0% (0/2)" hits="0" missing-branches="1189,1207" number="1206"/>
						<line hits="0" number="1207"/>
						<line branch="true" condition-coverage="0% (0/2)" hits="0" missing-branches="1189,1210" number="1209"/>
						<line hits="0" number="1210"/>
						<line hits="0" number="1211"/>
						<line hits="0" number="1212"/>
						<line hits="0" number="1213"/>
						<line hits="0" number="1214"/>
						<line branch="true" condition-coverage="0% (0/2)" hits="0" missing-branches="1141,1216" number="1215"/>
						<line branch="true" condition-coverage="0% (0/2)" hits="0" missing-branches="1217,1218" number="1216"/>
						<line hits="0" number="1217"/>
						<line hits="0" number="1218"/>
						<line hits="0" number="1219"/>
						<line branch="true" condition-coverage="0% (0/2)" hits="0" missing-branches="1221,1223" number="1220"/>
						<line hits="0" number="1221"/>
						<line hits="0" number="1223"/>
						<line hits="0" number="1226"/>
						<line hits="0" number="1229"/>
						<line branch="true" condition-coverage="0% (0/2)" hits="0" missing-branches="1232,1234" number="1231"/>
						<line hits="0" number="1232"/>
						<line branch="true" condition-coverage="0% (0/2)" hits="0" missing-branches="1235,1240" number="1234"/>
						<line hits="0" number="1235"/>
						<line hits="0" number="1237"/>
						<line branch="true" condition-coverage="0% (0/2)" hits="0" missing-branches="1241,1243" number="1240"/>
						<line hits="0" number="1241"/>
						<line hits="0" number="1243"/>
						<line hits="0" number="1245"/>
						<line hits="0" number="1247"/>
						<line branch="true" condition-coverage="0% (0/2)" hits="0" missing-branches="1249,1254" number="1248"/>
						<line branch="true" condition-coverage="0% (0/2)" hits="0" missing-branches="1250,1259" number="1249"/>
						<line hits="0" number="1250"/>
						<line hits="0" number="1254"/>
						<line branch="true" condition-coverage="0% (0/2)" hits="0" missing-branches="1256,1259" number="1255"/>
						<line hits="0" number="1256"/>
						<line hits="0" number="1259"/>
						<line hits="0" number="1260"/>
						<line hits="0" number="1262"/>
						<line hits="0" number="1263"/>
						<line branch="true" condition-coverage="0% (0/2)" hits="0" missing-branches="1265,1267" number="1264"/>
						<line hits="0" number="1265"/>
						<line hits="0" number="1267"/>
						<line branch="true" condition-coverage="0% (0/2)" hits="0" missing-branches="1269,1277" number="1268"/>
						<line branch="true" condition-coverage="0% (0/2)" hits="0" missing-branches="1270,1275" number="1269"/>
						<line hits="0" number="1270"/>
						<line hits="0" number="1271"/>
						<line hits="0" number="1272"/>
						<line hits="0" number="1273"/>
						<line hits="0" number="1275"/>
						<line branch="true" condition-coverage="0% (0/2)" hits="0" missing-branches="1278,1280" number="1277"/>
						<line hits="0" number="1278"/>
						<line branch="true" condition-coverage="0% (0/2)" hits="0" missing-branches="1281,1283" number="1280"/>
						<line hits="0" number="1281"/>
						<line hits="0" number="1283"/>
						<line hits="0" number="1285"/>
						<line branch="true" condition-coverage="0% (0/2)" hits="0" missing-branches="exit,1290" number="1289"/>
						<line hits="0" number="1290"/>
						<line hits="0" number="1291"/>
						<line branch="true" condition-coverage="0% (0/2)" hits="0" missing-branches="1293,1294" number="1292"/>
						<line hits="0" number="1293"/>
						<line hits="0" number="1294"/>
						<line hits="0" number="1296"/>
						<line branch="true" condition-coverage="0% (0/2)" hits="0" missing-branches="1298,1300" number="1297"/>
						<line hits="0" number="1298"/>
						<line branch="true" condition-coverage="0% (0/2)" hits="0" missing-branches="exit,1301" number="1300"/>
						<line hits="0" number="1301"/>
						<line hits="0" number="1302"/>
						<line hits="0" number="1303"/>
						<line branch="true" condition-coverage="0% (0/2)" hits="0" missing-branches="1305,1336" number="1304"/>
						<line hits="0" number="1305"/>
						<line hits="0" number="1306"/>
						<line hits="0" number="1307"/>
						<line hits="0" number="1308"/>
						<line hits="0" number="1309"/>
						<line hits="0" number="1310"/>
						<line branch="true" condition-coverage="0% (0/2)" hits="0" missing-branches="1304,1312" number="1311"/>
						<line hits="0" number="1312"/>
						<line branch="true" condition-coverage="0% (0/2)" hits="0" missing-branches="1311,1314" number="1313"/>
						<line hits="0" number="1314"/>
						<line branch="true" condition-coverage="0% (0/2)" hits="0" missing-branches="1313,1316" number="1315"/>
						<line hits="0" number="1316"/>
						<line hits="0" number="1317"/>
						<line hits="0" number="1318"/>
						<line hits="0" number="1319"/>
						<line hits="0" number="1320"/>
						<line hits="0" number="1321"/>
						<line branch="true" condition-coverage="0% (0/2)" hits="0" missing-branches="1323,1331" number="1322"/>
						<line branch="true" condition-coverage="0% (0/2)" hits="0" missing-branches="1322,1324" number="1323"/>
						<line hits="0" number="1324"/>
						<line hits="0" number="1325"/>
						<line hits="0" number="1326"/>
						<line hits="0" number="1327"/>
						<line hits="0" number="1329"/>
						<line hits="0" number="1331"/>
						<line hits="0" number="1332"/>
						<line hits="0" number="1333"/>
						<line hits="0" number="1334"/>
						<line hits="0" number="1335"/>
						<line hits="0" number="1336"/>
						<line hits="0" number="1338"/>
						<line hits="0" number="1339"/>
						<line branch="true" condition-coverage="0% (0/2)" hits="0" missing-branches="exit,exit" number="1340"/>
						<line hits="0" number="1342"/>
						<line hits="0" number="1354"/>
						<line branch="true" condition-coverage="0% (0/2)" hits="0" missing-branches="1356,1357" number="1355"/>
						<line hits="0" number="1356"/>
						<line branch="true" condition-coverage="0% (0/2)" hits="0" missing-branches="1358,1359" number="1357"/>
						<line hits="0" number="1358"/>
						<line branch="true" condition-coverage="0% (0/2)" hits="0" missing-branches="1360,1362" number="1359"/>
						<line hits="0" number="1360"/>
						<line hits="0" number="1361"/>
						<line hits="0" number="1362"/>
						<line branch="true" condition-coverage="0% (0/2)" hits="0" missing-branches="1364,1366" number="1363"/>
						<line hits="0" number="1364"/>
						<line hits="0" number="1366"/>
						<line branch="true" condition-coverage="0% (0/2)" hits="0" missing-branches="1369,1371" number="1368"/>
						<line hits="0" number="1369"/>
						<line hits="0" number="1371"/>
						<line branch="true" condition-coverage="0% (0/2)" hits="0" missing-branches="1373,1452" number="1372"/>
						<line branch="true" condition-coverage="0% (0/2)" hits="0" missing-branches="1374,1465" number="1373"/>
						<line hits="0" number="1374"/>
						<line hits="0" number="1376"/>
						<line hits="0" number="1377"/>
						<line hits="0" number="1378"/>
						<line hits="0" number="1379"/>
						<line branch="true" condition-coverage="0% (0/2)" hits="0" missing-branches="1381,1384" number="1380"/>
						<line hits="0" number="1381"/>
						<line hits="0" number="1382"/>
						<line hits="0" number="1384"/>
						<line branch="true" condition-coverage="0% (0/2)" hits="0" missing-branches="1386,1388" number="1385"/>
						<line hits="0" number="1386"/>
						<line branch="true" condition-coverage="0% (0/2)" hits="0" missing-branches="1373,1389" number="1388"/>
						<line branch="true" condition-coverage="0% (0/2)" hits="0" missing-branches="1388,1390" number="1389"/>
						<line hits="0" number="1390"/>
						<line branch="true" condition-coverage="0% (0/2)" hits="0" missing-branches="1392,1446" number="1391"/>
						<line branch="true" condition-coverage="0% (0/2)" hits="0" missing-branches="1393,1422" number="1392"/>
						<line branch="true" condition-coverage="0% (0/2)" hits="0" missing-branches="1394,1422" number="1393"/>
						<line branch="true" condition-coverage="0% (0/2)" hits="0" missing-branches="1395,1396" number="1394"/>
						<line hits="0" number="1395"/>
						<line branch="true" condition-coverage="0% (0/2)" hits="0" missing-branches="1393,1397" number="1396"/>
						<line hits="0" number="1397"/>
						<line branch="true" condition-coverage="0% (0/2)" hits="0" missing-branches="1399,1406" number="1398"/>
						<line hits="0" number="1399"/>
						<line branch="true" condition-coverage="0% (0/2)" hits="0" missing-branches="1401,1403" number="1400"/>
						<line hits="0" number="1401"/>
						<line hits="0" number="1402"/>
						<line branch="true" condition-coverage="0% (0/2)" hits="0" missing-branches="1404,1420" number="1403"/>
						<line hits="0" number="1404"/>
						<line branch="true" condition-coverage="0% (0/2)" hits="0" missing-branches="1407,1411" number="1406"/>
						<line hits="0" number="1407"/>
						<line branch="true" condition-coverage="0% (0/2)" hits="0" missing-branches="1409,1420" number="1408"/>
						<line hits="0" number="1409"/>
						<line branch="true" condition-coverage="0% (0/2)" hits="0" missing-branches="1412,1416" number="1411"/>
						<line hits="0" number="1412"/>
						<line branch="true" condition-coverage="0% (0/2)" hits="0" missing-branches="1414,1420" number="1413"/>
						<line hits="0" number="1414"/>
						<line branch="true" condition-coverage="0% (0/2)" hits="0" missing-branches="1417,1420" number="1416"/>
						<line hits="0" number="1417"/>
						<line branch="true" condition-coverage="0% (0/2)" hits="0" missing-branches="1419,1420" number="1418"/>
						<line hits="0" number="1419"/>
						<line hits="0" number="1420"/>
						<line branch="true" condition-coverage="0% (0/2)" hits="0" missing-branches="1391,1423" number="1422"/>
						<line branch="true" condition-coverage="0% (0/2)" hits="0" missing-branches="1424,1436" number="1423"/>
						<line branch="true" condition-coverage="0% (0/2)" hits="0" missing-branches="1391,1425" number="1424"/>
						<line branch="true" condition-coverage="0% (0/2)" hits="0" missing-branches="1424,1426" number="1425"/>
						<line hits="0" number="1426"/>
						<line branch="true" condition-coverage="0% (0/2)" hits="0" missing-branches="1428,1429" number="1427"/>
						<line hits="0" number="1428"/>
						<line branch="true" condition-coverage="0% (0/2)" hits="0" missing-branches="1430,1431" number="1429"/>
						<line hits="0" number="1430"/>
						<line branch="true" condition-coverage="0% (0/2)" hits="0" missing-branches="1432,1433" number="1431"/>
						<line hits="0" number="1432"/>
						<line branch="true" condition-coverage="0% (0/2)" hits="0" missing-branches="1434,1435" number="1433"/>
						<line hits="0" number="1434"/>
						<line hits="0" number="1435"/>
						<line branch="true" condition-coverage="0% (0/2)" hits="0" missing-branches="1391,1437" number="1436"/>
						<line branch="true" condition-coverage="0% (0/2)" hits="0" missing-branches="1438,1439" number="1437"/>
						<line hits="0" number="1438"/>
						<line branch="true" condition-coverage="0% (0/2)" hits="0" missing-branches="1440,1441" number="1439"/>
						<line hits="0" number="1440"/>
						<line branch="true" condition-coverage="0% (0/2)" hits="0" missing-branches="1442,1443" number="1441"/>
						<line hits="0" number="1442"/>
						<line branch="true" condition-coverage="0% (0/2)" hits="0" missing-branches="1391,1444" number="1443"/>
						<line hits="0" number="1444"/>
						<line hits="0" number="1446"/>
						<line hits="0" number="1447"/>
						<line hits="0" number="1452"/>
						<line hits="0" number="1453"/>
						<line branch="true" condition-coverage="0% (0/2)" hits="0" missing-branches="1455,1459" number="1454"/>
						<line branch="true" condition-coverage="0% (0/2)" hits="0" missing-branches="1456,1458" number="1455"/>
						<line hits="0" number="1456"/>
						<line hits="0" number="1458"/>
						<line hits="0" number="1459"/>
						<line hits="0" number="1460"/>
						<line branch="true" condition-coverage="0% (0/2)" hits="0" missing-branches="1462,1463" number="1461"/>
						<line hits="0" number="1462"/>
						<line hits="0" number="1463"/>
						<line hits="0" number="1465"/>
						<line hits="0" number="1467"/>
						<line branch="true" condition-coverage="0% (0/2)" hits="0" missing-branches="1469,1495" number="1468"/>
						<line hits="0" number="1469"/>
						<line hits="0" number="1471"/>
						<line hits="0" number="1473"/>
						<line hits="0" number="1474"/>
						<line hits="0" number="1475"/>
						<line hits="0" number="1476"/>
						<line hits="0" number="1477"/>
						<line hits="0" number="1478"/>
						<line branch="true" condition-coverage="0% (0/2)" hits="0" missing-branches="1480,1495" number="1479"/>
						<line branch="true" condition-coverage="0% (0/2)" hits="0" missing-branches="1479,1481" number="1480"/>
						<line branch="true" condition-coverage="0% (0/2)" hits="0" missing-branches="1482,1489" number="1481"/>
						<line branch="true" condition-coverage="0% (0/2)" hits="0" missing-branches="1481,1483" number="1482"/>
						<line branch="true" condition-coverage="0% (0/2)" hits="0" missing-branches="1481,1484" number="1483"/>
						<line branch="true" condition-coverage="0% (0/2)" hits="0" missing-branches="1485,1487" number="1484"/>
						<line hits="0" number="1485"/>
						<line hits="0" number="1487"/>
						<line hits="0" number="1489"/>
						<line hits="0" number="1490"/>
						<line hits="0" number="1491"/>
						<line hits="0" number="1492"/>
						<line hits="0" number="1493"/>
						<line branch="true" condition-coverage="0% (0/2)" hits="0" missing-branches="exit,1496" number="1495"/>
						<line branch="true" condition-coverage="0% (0/2)" hits="0" missing-branches="exit,1498" number="1496"/>
						<line hits="0" number="1498"/>
						<line hits="0" number="1500"/>
						<line hits="0" number="1501"/>
						<line hits="0" number="1502"/>
						<line hits="0" number="1503"/>
						<line hits="0" number="1504"/>
						<line hits="0" number="1505"/>
						<line branch="true" condition-coverage="0% (0/2)" hits="0" missing-branches="1507,1522" number="1506"/>
						<line branch="true" condition-coverage="0% (0/2)" hits="0" missing-branches="1506,1508" number="1507"/>
						<line branch="true" condition-coverage="0% (0/2)" hits="0" missing-branches="1509,1516" number="1508"/>
						<line branch="true" condition-coverage="0% (0/2)" hits="0" missing-branches="1508,1510" number="1509"/>
						<line branch="true" condition-coverage="0% (0/2)" hits="0" missing-branches="1508,1511" number="1510"/>
						<line branch="true" condition-coverage="0% (0/2)" hits="0" missing-branches="1512,1514" number="1511"/>
						<line hits="0" number="1512"/>
						<line hits="0" number="1514"/>
						<line hits="0" number="1516"/>
						<line hits="0" number="1517"/>
						<line hits="0" number="1518"/>
						<line hits="0" number="1519"/>
						<line hits="0" number="1520"/>
						<line branch="true" condition-coverage="0% (0/2)" hits="0" missing-branches="1496,1523" number="1522"/>
						<line branch="true" condition-coverage="0% (0/2)" hits="0" missing-branches="1524,1525" number="1523"/>
						<line hits="0" number="1524"/>
						<line hits="0" number="1525"/>
						<line hits="0" number="1526"/>
						<line hits="0" number="1528"/>
						<line hits="0" number="1530"/>
						<line branch="true" condition-coverage="0% (0/2)" hits="0" missing-branches="1533,1535" number="1532"/>
						<line hits="0" number="1533"/>
						<line branch="true" condition-coverage="0% (0/2)" hits="0" missing-branches="1536,1541" number="1535"/>
						<line hits="0" number="1536"/>
						<line hits="0" number="1538"/>
						<line branch="true" condition-coverage="0% (0/2)" hits="0" missing-branches="1542,1544" number="1541"/>
						<line hits="0" number="1542"/>
						<line hits="0" number="1544"/>
						<line hits="0" number="1546"/>
						<line hits="0" number="1548"/>
						<line branch="true" condition-coverage="0% (0/2)" hits="0" missing-branches="1550,1555" number="1549"/>
						<line branch="true" condition-coverage="0% (0/2)" hits="0" missing-branches="1551,1559" number="1550"/>
						<line hits="0" number="1551"/>
						<line hits="0" number="1555"/>
						<line branch="true" condition-coverage="0% (0/2)" hits="0" missing-branches="1557,1559" number="1556"/>
						<line hits="0" number="1557"/>
						<line hits="0" number="1559"/>
						<line hits="0" number="1560"/>
						<line hits="0" number="1562"/>
						<line hits="0" number="1563"/>
						<line branch="true" condition-coverage="0% (0/2)" hits="0" missing-branches="1565,1567" number="1564"/>
						<line hits="0" number="1565"/>
						<line hits="0" number="1567"/>
						<line branch="true" condition-coverage="0% (0/2)" hits="0" missing-branches="1570,1572" number="1568"/>
						<line hits="0" number="1570"/>
						<line branch="true" condition-coverage="0% (0/2)" hits="0" missing-branches="1573,1575" number="1572"/>
						<line hits="0" number="1573"/>
						<line branch="true" condition-coverage="0% (0/2)" hits="0" missing-branches="1576,1578" number="1575"/>
						<line hits="0" number="1576"/>
						<line hits="0" number="1578"/>
						<line hits="0" number="1581"/>
						<line branch="true" condition-coverage="0% (0/2)" hits="0" missing-branches="1584,1586" number="1583"/>
						<line hits="0" number="1584"/>
						<line branch="true" condition-coverage="0% (0/2)" hits="0" missing-branches="1587,1613" number="1586"/>
						<line hits="0" number="1587"/>
						<line hits="0" number="1588"/>
						<line hits="0" number="1590"/>
						<line hits="0" number="1591"/>
						<line hits="0" number="1592"/>
						<line hits="0" number="1593"/>
						<line branch="true" condition-coverage="0% (0/2)" hits="0" missing-branches="1595,1605" number="1594"/>
						<line branch="true" condition-coverage="0% (0/2)" hits="0" missing-branches="1594,1596" number="1595"/>
						<line branch="true" condition-coverage="0% (0/2)" hits="0" missing-branches="1597,1603" number="1596"/>
						<line branch="true" condition-coverage="0% (0/2)" hits="0" missing-branches="1596,1598" number="1597"/>
						<line branch="true" condition-coverage="0% (0/2)" hits="0" missing-branches="1596,1599" number="1598"/>
						<line branch="true" condition-coverage="0% (0/2)" hits="0" missing-branches="1598,1600" number="1599"/>
						<line hits="0" number="1600"/>
						<line hits="0" number="1601"/>
						<line hits="0" number="1602"/>
						<line branch="true" condition-coverage="0% (0/2)" hits="0" missing-branches="1594,1604" number="1603"/>
						<line hits="0" number="1604"/>
						<line hits="0" number="1605"/>
						<line hits="0" number="1607"/>
						<line hits="0" number="1608"/>
						<line hits="0" number="1609"/>
						<line hits="0" number="1611"/>
						<line branch="true" condition-coverage="0% (0/2)" hits="0" missing-branches="exit,1614" number="1613"/>
						<line hits="0" number="1614"/>
						<line branch="true" condition-coverage="0% (0/2)" hits="0" missing-branches="exit,1616" number="1615"/>
						<line hits="0" number="1616"/>
						<line hits="0" number="1618"/>
						<line hits="0" number="1619"/>
						<line hits="0" number="1620"/>
						<line hits="0" number="1621"/>
						<line hits="0" number="1622"/>
						<line hits="0" number="1623"/>
						<line branch="true" condition-coverage="0% (0/2)" hits="0" missing-branches="1625,1634" number="1624"/>
						<line branch="true" condition-coverage="0% (0/2)" hits="0" missing-branches="1624,1626" number="1625"/>
						<line branch="true" condition-coverage="0% (0/2)" hits="0" missing-branches="1627,1632" number="1626"/>
						<line branch="true" condition-coverage="0% (0/2)" hits="0" missing-branches="1626,1628" number="1627"/>
						<line branch="true" condition-coverage="0% (0/2)" hits="0" missing-branches="1626,1629" number="1628"/>
						<line branch="true" condition-coverage="0% (0/2)" hits="0" missing-branches="1628,1630" number="1629"/>
						<line hits="0" number="1630"/>
						<line hits="0" number="1631"/>
						<line branch="true" condition-coverage="0% (0/2)" hits="0" missing-branches="1624,1633" number="1632"/>
						<line hits="0" number="1633"/>
						<line hits="0" number="1634"/>
						<line hits="0" number="1636"/>
						<line branch="true" condition-coverage="0% (0/2)" hits="0" missing-branches="1638,1640" number="1637"/>
						<line hits="0" number="1638"/>
						<line hits="0" number="1640"/>
						<line hits="0" number="1642"/>
						<line hits="0" number="1643"/>
						<line hits="0" number="1644"/>
						<line branch="true" condition-coverage="0% (0/2)" hits="0" missing-branches="1615,1647" number="1645"/>
						<line hits="0" number="1647"/>
						<line hits="0" number="1648"/>
						<line hits="0" number="1649"/>
						<line hits="0" number="1650"/>
						<line hits="0" number="1654"/>
						<line branch="true" condition-coverage="0% (0/2)" hits="0" missing-branches="1660,1662" number="1659"/>
						<line hits="0" number="1660"/>
						<line branch="true" condition-coverage="0% (0/2)" hits="0" missing-branches="1663,1667" number="1662"/>
						<line hits="0" number="1663"/>
						<line hits="0" number="1665"/>
						<line hits="0" number="1667"/>
						<line branch="true" condition-coverage="0% (0/2)" hits="0" missing-branches="1670,1671" number="1669"/>
						<line hits="0" number="1670"/>
						<line branch="true" condition-coverage="0% (0/2)" hits="0" missing-branches="1672,1674" number="1671"/>
						<line hits="0" number="1672"/>
						<line hits="0" number="1674"/>
						<line hits="0" number="1677"/>
						<line branch="true" condition-coverage="0% (0/2)" hits="0" missing-branches="1679,1684" number="1678"/>
						<line branch="true" condition-coverage="0% (0/2)" hits="0" missing-branches="1680,1691" number="1679"/>
						<line hits="0" number="1680"/>
						<line hits="0" number="1684"/>
						<line branch="true" condition-coverage="0% (0/2)" hits="0" missing-branches="1686,1691" number="1685"/>
						<line hits="0" number="1686"/>
						<line hits="0" number="1691"/>
						<line hits="0" number="1692"/>
						<line hits="0" number="1694"/>
						<line hits="0" number="1695"/>
						<line branch="true" condition-coverage="0% (0/2)" hits="0" missing-branches="1697,1699" number="1696"/>
						<line hits="0" number="1697"/>
						<line hits="0" number="1699"/>
						<line branch="true" condition-coverage="0% (0/2)" hits="0" missing-branches="1701,1706" number="1700"/>
						<line branch="true" condition-coverage="0% (0/2)" hits="0" missing-branches="1702,1704" number="1701"/>
						<line hits="0" number="1702"/>
						<line hits="0" number="1704"/>
						<line branch="true" condition-coverage="0% (0/2)" hits="0" missing-branches="1707,1709" number="1706"/>
						<line hits="0" number="1707"/>
						<line branch="true" condition-coverage="0% (0/2)" hits="0" missing-branches="1710,1712" number="1709"/>
						<line hits="0" number="1710"/>
						<line hits="0" number="1712"/>
						<line hits="0" number="1714"/>
						<line hits="0" number="1715"/>
						<line hits="0" number="1716"/>
						<line hits="0" number="1717"/>
						<line hits="0" number="1719"/>
						<line branch="true" condition-coverage="0% (0/2)" hits="0" missing-branches="exit,1721" number="1720"/>
						<line hits="0" number="1721"/>
						<line branch="true" condition-coverage="0% (0/2)" hits="0" missing-branches="exit,1723" number="1722"/>
						<line branch="true" condition-coverage="0% (0/2)" hits="0" missing-branches="1724,1726" number="1723"/>
						<line hits="0" number="1724"/>
						<line hits="0" number="1726"/>
						<line hits="0" number="1729"/>
						<line branch="true" condition-coverage="0% (0/2)" hits="0" missing-branches="1733,1735" number="1732"/>
						<line hits="0" number="1733"/>
						<line hits="0" number="1735"/>
						<line hits="0" number="1736"/>
						<line hits="0" number="1737"/>
						<line hits="0" number="1738"/>
						<line branch="true" condition-coverage="0% (0/2)" hits="0" missing-branches="1740,1744" number="1739"/>
						<line hits="0" number="1740"/>
						<line hits="0" number="1741"/>
						<line hits="0" number="1742"/>
						<line hits="0" number="1744"/>
						<line hits="0" number="1745"/>
						<line hits="0" number="1746"/>
						<line hits="0" number="1747"/>
						<line hits="0" number="1748"/>
						<line hits="0" number="1749"/>
						<line hits="0" number="1750"/>
						<line branch="true" condition-coverage="0% (0/2)" hits="0" missing-branches="1752,1779" number="1751"/>
						<line branch="true" condition-coverage="0% (0/2)" hits="0" missing-branches="1751,1753" number="1752"/>
						<line hits="0" number="1753"/>
						<line branch="true" condition-coverage="0% (0/2)" hits="0" missing-branches="1755,1756" number="1754"/>
						<line hits="0" number="1755"/>
						<line branch="true" condition-coverage="0% (0/2)" hits="0" missing-branches="1751,1757" number="1756"/>
						<line branch="true" condition-coverage="0% (0/2)" hits="0" missing-branches="1756,1758" number="1757"/>
						<line hits="0" number="1758"/>
						<line branch="true" condition-coverage="0% (0/2)" hits="0" missing-branches="1756,1760" number="1759"/>
						<line branch="true" condition-coverage="0% (0/2)" hits="0" missing-branches="1761,1771" number="1760"/>
						<line branch="true" condition-coverage="0% (0/2)" hits="0" missing-branches="1762,1771" number="1761"/>
						<line branch="true" condition-coverage="0% (0/2)" hits="0" missing-branches="1761,1763" number="1762"/>
						<line hits="0" number="1763"/>
						<line branch="true" condition-coverage="0% (0/2)" hits="0" missing-branches="1765,1768" number="1764"/>
						<line hits="0" number="1765"/>
						<line branch="true" condition-coverage="0% (0/2)" hits="0" missing-branches="1761,1769" number="1768"/>
						<line hits="0" number="1769"/>
						<line branch="true" condition-coverage="0% (0/2)" hits="0" missing-branches="1759,1772" number="1771"/>
						<line branch="true" condition-coverage="0% (0/2)" hits="0" missing-branches="1759,1773" number="1772"/>
						<line branch="true" condition-coverage="0% (0/2)" hits="0" missing-branches="1772,1774" number="1773"/>
						<line branch="true" condition-coverage="0% (0/2)" hits="0" missing-branches="1775,1777" number="1774"/>
						<line hits="0" number="1775"/>
						<line hits="0" number="1777"/>
						<line branch="true" condition-coverage="0% (0/2)" hits="0" missing-branches="1780,1786" number="1779"/>
						<line hits="0" number="1780"/>
						<line branch="true" condition-coverage="0% (0/2)" hits="0" missing-branches="1782,1784" number="1781"/>
						<line branch="true" condition-coverage="0% (0/2)" hits="0" missing-branches="1781,1783" number="1782"/>
						<line hits="0" number="1783"/>
						<line branch="true" condition-coverage="0% (0/2)" hits="0" missing-branches="1785,1786" number="1784"/>
						<line hits="0" number="1785"/>
						<line hits="0" number="1786"/>
						<line hits="0" number="1788"/>
						<line hits="0" number="1791"/>
[...]
						<line hits="0" number="391"/>
						<line hits="0" number="395"/>
						<line hits="0" number="397"/>
						<line branch="true" condition-coverage="0% (0/2)" hits="0" missing-branches="399,401" number="398"/>
						<line hits="0" number="399"/>
						<line hits="0" number="401"/>
						<line hits="0" number="402"/>
						<line branch="true" condition-coverage="0% (0/2)" hits="0" missing-branches="404,406" number="403"/>
						<line hits="0" number="404"/>
						<line hits="0" number="406"/>
						<line hits="0" number="407"/>
						<line hits="0" number="408"/>
						<line branch="true" condition-coverage="0% (0/2)" hits="0" missing-branches="410,415" number="409"/>
						<line branch="true" condition-coverage="0% (0/2)" hits="0" missing-branches="411,419" number="410"/>
						<line hits="0" number="411"/>
						<line hits="0" number="415"/>
						<line branch="true" condition-coverage="0% (0/2)" hits="0" missing-branches="417,419" number="416"/>
						<line hits="0" number="417"/>
						<line hits="0" number="419"/>
						<line hits="0" number="420"/>
						<line branch="true" condition-coverage="0% (0/2)" hits="0" missing-branches="422,424" number="421"/>
						<line hits="0" number="422"/>
						<line hits="0" number="424"/>
						<line branch="true" condition-coverage="0% (0/2)" hits="0" missing-branches="426,428" number="425"/>
						<line hits="0" number="426"/>
						<line branch="true" condition-coverage="0% (0/2)" hits="0" missing-branches="429,431" number="428"/>
						<line hits="0" number="429"/>
						<line branch="true" condition-coverage="0% (0/2)" hits="0" missing-branches="432,435" number="431"/>
						<line hits="0" number="432"/>
						<line hits="0" number="435"/>
						<line hits="0" number="437"/>
						<line hits="0" number="439"/>
						<line branch="true" condition-coverage="0% (0/2)" hits="0" missing-branches="443,444" number="442"/>
						<line hits="0" number="443"/>
						<line branch="true" condition-coverage="0% (0/2)" hits="0" missing-branches="445,451" number="444"/>
						<line hits="0" number="445"/>
						<line hits="0" number="446"/>
						<line hits="0" number="447"/>
						<line branch="true" condition-coverage="0% (0/2)" hits="0" missing-branches="452,459" number="451"/>
						<line hits="0" number="452"/>
						<line branch="true" condition-coverage="0% (0/2)" hits="0" missing-branches="454,459" number="453"/>
						<line hits="0" number="454"/>
						<line hits="0" number="455"/>
						<line branch="true" condition-coverage="0% (0/2)" hits="0" missing-branches="exit,460" number="459"/>
						<line hits="0" number="460"/>
						<line hits="0" number="463"/>
						<line hits="0" number="465"/>
						<line branch="true" condition-coverage="0% (0/2)" hits="0" missing-branches="467,469" number="466"/>
						<line hits="0" number="467"/>
						<line hits="0" number="469"/>
						<line hits="0" number="470"/>
						<line branch="true" condition-coverage="0% (0/2)" hits="0" missing-branches="472,474" number="471"/>
						<line hits="0" number="472"/>
						<line hits="0" number="474"/>
						<line hits="0" number="475"/>
						<line hits="0" number="476"/>
						<line branch="true" condition-coverage="0% (0/2)" hits="0" missing-branches="478,483" number="477"/>
						<line branch="true" condition-coverage="0% (0/2)" hits="0" missing-branches="479,487" number="478"/>
						<line hits="0" number="479"/>
						<line hits="0" number="483"/>
						<line branch="true" condition-coverage="0% (0/2)" hits="0" missing-branches="485,487" number="484"/>
						<line hits="0" number="485"/>
						<line hits="0" number="487"/>
						<line hits="0" number="488"/>
						<line branch="true" condition-coverage="0% (0/2)" hits="0" missing-branches="490,492" number="489"/>
						<line hits="0" number="490"/>
						<line hits="0" number="492"/>
						<line branch="true" condition-coverage="0% (0/2)" hits="0" missing-branches="494,496" number="493"/>
						<line hits="0" number="494"/>
						<line branch="true" condition-coverage="0% (0/2)" hits="0" missing-branches="497,499" number="496"/>
						<line hits="0" number="497"/>
						<line branch="true" condition-coverage="0% (0/2)" hits="0" missing-branches="500,503" number="499"/>
						<line hits="0" number="500"/>
						<line hits="0" number="503"/>
						<line hits="0" number="505"/>
						<line hits="0" number="508"/>
						<line hits="0" number="512"/>
						<line branch="true" condition-coverage="0% (0/2)" hits="0" missing-branches="514,516" number="513"/>
						<line hits="0" number="514"/>
						<line branch="true" condition-coverage="0% (0/2)" hits="0" missing-branches="517,519" number="516"/>
						<line hits="0" number="517"/>
						<line branch="true" condition-coverage="0% (0/2)" hits="0" missing-branches="520,524" number="519"/>
						<line hits="0" number="520"/>
						<line branch="true" condition-coverage="0% (0/2)" hits="0" missing-branches="522,526" number="521"/>
						<line hits="0" number="522"/>
						<line hits="0" number="524"/>
						<line branch="true" condition-coverage="0% (0/2)" hits="0" missing-branches="exit,527" number="526"/>
						<line hits="0" number="527"/>
						<line hits="0" number="528"/>
						<line hits="0" number="529"/>
						<line hits="0" number="530"/>
						<line hits="0" number="531"/>
						<line hits="0" number="532"/>
						<line hits="0" number="535"/>
						<line hits="0" number="536"/>
						<line branch="true" condition-coverage="0% (0/2)" hits="0" missing-branches="538,542" number="537"/>
						<line hits="0" number="538"/>
						<line hits="0" number="539"/>
						<line hits="0" number="540"/>
						<line hits="0" number="542"/>
						<line hits="0" number="544"/>
						<line hits="0" number="545"/>
						<line hits="0" number="547"/>
						<line hits="0" number="549"/>
						<line hits="0" number="550"/>
						<line hits="0" number="551"/>
						<line branch="true" condition-coverage="0% (0/2)" hits="0" missing-branches="554,556" number="553"/>
						<line hits="0" number="554"/>
						<line hits="0" number="556"/>
						<line branch="true" condition-coverage="0% (0/2)" hits="0" missing-branches="558,560" number="557"/>
						<line hits="0" number="558"/>
						<line hits="0" number="560"/>
						<line hits="0" number="561"/>
						<line hits="0" number="563"/>
					</lines>
				</class>
				<class branch-rate="0" complexity="0" filename="converter/wiki_converter.py" line-rate="0" name="wiki_converter.py">
					<methods/>
					<lines>
						<line hits="0" number="3"/>
						<line hits="0" number="9"/>
						<line hits="0" number="10"/>
						<line hits="0" number="11"/>
						<line hits="0" number="17"/>
						<line hits="0" number="19"/>
						<line hits="0" number="20"/>
						<line branch="true" condition-coverage="0% (0/2)" hits="0" missing-branches="22,31" number="21"/>
						<line branch="true" condition-coverage="0% (0/2)" hits="0" missing-branches="23,24" number="22"/>
						<line hits="0" number="23"/>
						<line branch="true" condition-coverage="0% (0/2)" hits="0" missing-branches="25,26" number="24"/>
						<line hits="0" number="25"/>
						<line branch="true" condition-coverage="0% (0/2)" hits="0" missing-branches="27,28" number="26"/>
						<line hits="0" number="27"/>
						<line branch="true" condition-coverage="0% (0/2)" hits="0" missing-branches="exit,29" number="28"/>
						<line hits="0" number="29"/>
						<line branch="true" condition-coverage="0% (0/2)" hits="0" missing-branches="exit,32" number="31"/>
						<line hits="0" number="32"/>
						<line hits="0" number="34"/>
						<line hits="0" number="36"/>
						<line hits="0" number="38"/>
						<line branch="true" condition-coverage="0% (0/2)" hits="0" missing-branches="43,155" number="41"/>
						<line branch="true" condition-coverage="0% (0/2)" hits="0" missing-branches="44,66" number="43"/>
						<line hits="0" number="44"/>
						<line hits="0" number="45"/>
						<line branch="true" condition-coverage="0% (0/2)" hits="0" missing-branches="72,83" number="66"/>
						<line hits="0" number="72"/>
						<line hits="0" number="73"/>
						<line hits="0" number="74"/>
						<line hits="0" number="75"/>
						<line hits="0" number="76"/>
						<line hits="0" number="77"/>
						<line branch="true" condition-coverage="0% (0/2)" hits="0" missing-branches="84,106" number="83"/>
						<line hits="0" number="84"/>
						<line hits="0" number="85"/>
						<line branch="true" condition-coverage="0% (0/2)" hits="0" missing-branches="87,99" number="86"/>
						<line branch="true" condition-coverage="0% (0/2)" hits="0" missing-branches="88,91" number="87"/>
						<line hits="0" number="88"/>
						<line hits="0" number="89"/>
						<line branch="true" condition-coverage="0% (0/2)" hits="0" missing-branches="92,94" number="91"/>
						<line hits="0" number="92"/>
						<line hits="0" number="93"/>
						<line branch="true" condition-coverage="0% (0/2)" hits="0" missing-branches="86,95" number="94"/>
						<line hits="0" number="95"/>
						<line hits="0" number="96"/>
						<line hits="0" number="99"/>
						<line hits="0" number="100"/>
						<line branch="true" condition-coverage="0% (0/2)" hits="0" missing-branches="107,131" number="106"/>
						<line hits="0" number="107"/>
						<line hits="0" number="108"/>
						<line branch="true" condition-coverage="0% (0/2)" hits="0" missing-branches="110,111" number="109"/>
						<line hits="0" number="110"/>
						<line branch="true" condition-coverage="0% (0/2)" hits="0" missing-branches="112,114" number="111"/>
						<line hits="0" number="112"/>
						<line hits="0" number="114"/>
						<line hits="0" number="115"/>
						<line branch="true" condition-coverage="0% (0/2)" hits="0" missing-branches="117,120" number="116"/>
						<line hits="0" number="117"/>
						<line hits="0" number="120"/>
						<line hits="0" number="121"/>
						<line hits="0" number="122"/>
						<line hits="0" number="123"/>
						<line hits="0" number="124"/>
						<line hits="0" number="125"/>
						<line hits="0" number="126"/>
						<line hits="0" number="127"/>
						<line branch="true" condition-coverage="0% (0/2)" hits="0" missing-branches="132,147" number="131"/>
						<line hits="0" number="132"/>
						<line hits="0" number="133"/>
						<line branch="true" condition-coverage="0% (0/2)" hits="0" missing-branches="135,137" number="134"/>
						<line hits="0" number="135"/>
						<line hits="0" number="137"/>
						<line hits="0" number="138"/>
						<line hits="0" number="140"/>
						<line hits="0" number="142"/>
						<line hits="0" number="144"/>
						<line hits="0" number="145"/>
						<line branch="true" condition-coverage="0% (0/2)" hits="0" missing-branches="41,148" number="147"/>
						<line hits="0" number="148"/>
						<line branch="true" condition-coverage="0% (0/2)" hits="0" missing-branches="150,153" number="149"/>
						<line hits="0" number="150"/>
						<line hits="0" number="151"/>
						<line hits="0" number="153"/>
						<line hits="0" number="155"/>
						<line hits="0" number="156"/>
						<line hits="0" number="157"/>
						<line hits="0" number="159"/>
						<line hits="0" number="166"/>
						<line hits="0" number="167"/>
						<line hits="0" number="169"/>
						<line hits="0" number="172"/>
						<line hits="0" number="173"/>
						<line hits="0" number="174"/>
						<line hits="0" number="175"/>
						<line hits="0" number="176"/>
						<line hits="0" number="177"/>
						<line hits="0" number="178"/>
						<line hits="0" number="180"/>
						<line hits="0" number="181"/>
						<line hits="0" number="182"/>
						<line branch="true" condition-coverage="0% (0/2)" hits="0" missing-branches="185,209" number="183"/>
						<line branch="true" condition-coverage="0% (0/2)" hits="0" missing-branches="186,192" number="185"/>
						<line branch="true" condition-coverage="0% (0/2)" hits="0" missing-branches="187,192" number="186"/>
						<line hits="0" number="187"/>
						<line hits="0" number="188"/>
						<line hits="0" number="190"/>
						<line branch="true" condition-coverage="0% (0/2)" hits="0" missing-branches="193,195" number="192"/>
						<line hits="0" number="193"/>
						<line branch="true" condition-coverage="0% (0/2)" hits="0" missing-branches="196,200" number="195"/>
						<line hits="0" number="196"/>
						<line hits="0" number="197"/>
						<line hits="0" number="198"/>
						<line hits="0" number="199"/>
						<line branch="true" condition-coverage="0% (0/2)" hits="0" missing-branches="183,202" number="200"/>
						<line hits="0" number="202"/>
						<line hits="0" number="203"/>
						<line hits="0" number="206"/>
						<line hits="0" number="207"/>
						<line hits="0" number="209"/>
						<line hits="0" number="210"/>
						<line hits="0" number="211"/>
						<line hits="0" number="213"/>
					</lines>
				</class>
				<class branch-rate="1" complexity="0" filename="converter/xmltoknml.py" line-rate="0" name="xmltoknml.py">
					<methods/>
					<lines>
						<line hits="0" number="1"/>
						<line hits="0" number="2"/>
						<line hits="0" number="3"/>
						<line hits="0" number="5"/>
						<line hits="0" number="6"/>
						<line hits="0" number="7"/>
						<line hits="0" number="8"/>
						<line hits="0" number="9"/>
					</lines>
				</class>
			</classes>
		</package>
		<package branch-rate="0" complexity="0" line-rate="0" name="wikiextract">
			<classes>
				<class branch-rate="1" complexity="0" filename="wikiextract/__init__.py" line-rate="1" name="__init__.py">
					<methods/>
					<lines/>
				</class>
				<class branch-rate="0" complexity="0" filename="wikiextract/sampleExtractdb.py" line-rate="0" name="sampleExtractdb.py">
					<methods/>
					<lines>
						<line hits="0" number="3"/>
						<line hits="0" number="9"/>
						<line hits="0" number="10"/>
						<line hits="0" number="12"/>
						<line hits="0" number="13"/>
						<line hits="0" number="21"/>
						<line hits="0" number="22"/>
						<line hits="0" number="23"/>
						<line branch="true" condition-coverage="0% (0/2)" hits="0" missing-branches="25,26" number="24"/>
						<line hits="0" number="25"/>
						<line hits="0" number="26"/>
						<line hits="0" number="28"/>
						<line hits="0" number="29"/>
						<line branch="true" condition-coverage="0% (0/2)" hits="0" missing-branches="31,45" number="30"/>
						<line hits="0" number="31"/>
						<line branch="true" condition-coverage="0% (0/2)" hits="0" missing-branches="33,35" number="32"/>
						<line hits="0" number="33"/>
						<line hits="0" number="35"/>
						<line hits="0" number="36"/>
						<line branch="true" condition-coverage="0% (0/2)" hits="0" missing-branches="38,42" number="37"/>
						<line branch="true" condition-coverage="0% (0/2)" hits="0" missing-branches="39,41" number="38"/>
						<line hits="0" number="39"/>
						<line hits="0" number="41"/>
						<line hits="0" number="42"/>
						<line hits="0" number="43"/>
						<line hits="0" number="44"/>
						<line hits="0" number="45"/>
						<line hits="0" number="46"/>
						<line hits="0" number="48"/>
						<line hits="0" number="49"/>
						<line branch="true" condition-coverage="0% (0/2)" hits="0" missing-branches="51,73" number="50"/>
						<line hits="0" number="51"/>
						<line branch="true" condition-coverage="0% (0/2)" hits="0" missing-branches="53,55" number="52"/>
						<line hits="0" number="53"/>
						<line hits="0" number="55"/>
						<line hits="0" number="56"/>
						<line hits="0" number="57"/>
						<line branch="true" condition-coverage="0% (0/2)" hits="0" missing-branches="60,63" number="59"/>
						<line hits="0" number="60"/>
						<line hits="0" number="61"/>
						<line hits="0" number="63"/>
						<line branch="true" condition-coverage="0% (0/2)" hits="0" missing-branches="65,68" number="64"/>
						<line hits="0" number="65"/>
						<line hits="0" number="66"/>
						<line branch="true" condition-coverage="0% (0/2)" hits="0" missing-branches="69,72" number="68"/>
						<line hits="0" number="69"/>
						<line hits="0" number="70"/>
						<line hits="0" number="71"/>
						<line hits="0" number="72"/>
						<line hits="0" number="73"/>
						<line hits="0" number="74"/>
						<line hits="0" number="103"/>
					</lines>
				</class>
				<class branch-rate="0" complexity="0" filename="wikiextract/wikiExtract.py" line-rate="0" name="wikiExtract.py">
					<methods/>
					<lines>
						<line hits="0" number="3"/>
						<line hits="0" number="10"/>
						<line hits="0" number="12"/>
						<line hits="0" number="14"/>
						<line hits="0" number="19"/>
						<line hits="0" number="20"/>
						<line hits="0" number="21"/>
						<line hits="0" number="22"/>
						<line hits="0" number="23"/>
						<line hits="0" number="24"/>
						<line hits="0" number="25"/>
						<line hits="0" number="26"/>
						<line hits="0" number="27"/>
						<line hits="0" number="28"/>
						<line hits="0" number="29"/>
						<line hits="0" number="30"/>
						<line branch="true" condition-coverage="0% (0/2)" hits="0" missing-branches="33,38" number="31"/>
						<line branch="true" condition-coverage="0% (0/2)" hits="0" missing-branches="34,35" number="33"/>
						<line hits="0" number="34"/>
						<line branch="true" condition-coverage="0% (0/2)" hits="0" missing-branches="31,36" number="35"/>
						<line hits="0" number="36"/>
						<line branch="true" condition-coverage="0% (0/2)" hits="0" missing-branches="39,41" number="38"/>
						<line hits="0" number="39"/>
						<line hits="0" number="41"/>
						<line hits="0" number="42"/>
						<line hits="0" number="43"/>
						<line hits="0" number="45"/>
						<line hits="0" number="47"/>
						<line hits="0" number="52"/>
						<line hits="0" number="53"/>
						<line hits="0" number="54"/>
						<line hits="0" number="55"/>
						<line hits="0" number="56"/>
						<line hits="0" number="57"/>
						<line hits="0" number="58"/>
						<line hits="0" number="59"/>
						<line branch="true" condition-coverage="0% (0/2)" hits="0" missing-branches="61,63" number="60"/>
						<line hits="0" number="61"/>
						<line branch="true" condition-coverage="0% (0/2)" hits="0" missing-branches="64,66" number="63"/>
						<line hits="0" number="64"/>
						<line hits="0" number="66"/>
						<line hits="0" number="67"/>
						<line hits="0" number="69"/>
						<line hits="0" number="71"/>
						<line hits="0" number="75"/>
						<line hits="0" number="76"/>
						<line hits="0" number="77"/>
						<line hits="0" number="78"/>
						<line hits="0" number="79"/>
						<line hits="0" number="80"/>
						<line hits="0" number="81"/>
						<line hits="0" number="82"/>
						<line hits="0" number="83"/>
						<line hits="0" number="84"/>
						<line hits="0" number="85"/>
						<line branch="true" condition-coverage="0% (0/2)" hits="0" missing-branches="87,89" number="86"/>
						<line hits="0" number="87"/>
						<line branch="true" condition-coverage="0% (0/2)" hits="0" missing-branches="90,92" number="89"/>
						<line hits="0" number="90"/>
						<line hits="0" number="92"/>
						<line hits="0" number="94"/>
						<line hits="0" number="96"/>
						<line hits="0" number="100"/>
						<line hits="0" number="101"/>
						<line hits="0" number="102"/>
						<line hits="0" number="103"/>
						<line hits="0" number="104"/>
						<line hits="0" number="105"/>
						<line hits="0" number="106"/>
						<line hits="0" number="107"/>
						<line hits="0" number="108"/>
						<line hits="0" number="109"/>
						<line hits="0" number="111"/>
						<line branch="true" condition-coverage="0% (0/2)" hits="0" missing-branches="113,115" number="112"/>
						<line hits="0" number="113"/>
						<line branch="true" condition-coverage="0% (0/2)" hits="0" missing-branches="116,118" number="115"/>
						<line hits="0" number="116"/>
						<line hits="0" number="118"/>
						<line hits="0" number="120"/>
						<line hits="0" number="122"/>
					</lines>
				</class>
			</classes>
		</package>
	</packages>
</coverage>
